{"numTotalTestSuites":2,"numPassedTestSuites":2,"numFailedTestSuites":0,"numPendingTestSuites":0,"numTotalTests":19,"numPassedTests":19,"numFailedTests":0,"numPendingTests":0,"numTodoTests":0,"snapshot":{"added":0,"failure":false,"filesAdded":0,"filesRemoved":0,"filesRemovedList":[],"filesUnmatched":0,"filesUpdated":0,"matched":0,"total":0,"unchecked":0,"uncheckedKeysByFile":[],"unmatched":0,"updated":0,"didUpdate":false},"startTime":1767534754751,"success":true,"testResults":[{"assertionResults":[{"ancestorTitles":["backupService"],"fullName":"backupService saveBackup should save state","status":"passed","title":"saveBackup should save state","duration":4.7396000000001095,"failureMessages":[],"meta":{}},{"ancestorTitles":["backupService"],"fullName":"backupService loadBackup should load state","status":"passed","title":"loadBackup should load state","duration":0.6617999999998574,"failureMessages":[],"meta":{}},{"ancestorTitles":["backupService"],"fullName":"backupService deleteBackup should delete state","status":"passed","title":"deleteBackup should delete state","duration":0.41940000000022337,"failureMessages":[],"meta":{}},{"ancestorTitles":["backupService"],"fullName":"backupService checkStorageQuota should return estimate","status":"passed","title":"checkStorageQuota should return estimate","duration":0.3420000000000982,"failureMessages":[],"meta":{}},{"ancestorTitles":["backupService"],"fullName":"backupService checkStorageQuota should handle error","status":"passed","title":"checkStorageQuota should handle error","duration":0.4873999999999796,"failureMessages":[],"meta":{}},{"ancestorTitles":["backupService"],"fullName":"backupService initPersistentStorage should return true","status":"passed","title":"initPersistentStorage should return true","duration":0.394800000000032,"failureMessages":[],"meta":{}},{"ancestorTitles":["backupService"],"fullName":"backupService initPersistentStorage should handle error","status":"passed","title":"initPersistentStorage should handle error","duration":0.3203000000000884,"failureMessages":[],"meta":{}},{"ancestorTitles":["backupService"],"fullName":"backupService should handle open error","status":"passed","title":"should handle open error","duration":0.36200000000008004,"failureMessages":[],"meta":{}},{"ancestorTitles":["backupService"],"fullName":"backupService should handle onupgradeneeded","status":"passed","title":"should handle onupgradeneeded","duration":0.5666999999998552,"failureMessages":[],"meta":{}},{"ancestorTitles":["backupService"],"fullName":"backupService should handle onblocked","status":"passed","title":"should handle onblocked","duration":0.3468000000000302,"failureMessages":[],"meta":{}},{"ancestorTitles":["backupService"],"fullName":"backupService should handle missing store and recreate","status":"passed","title":"should handle missing store and recreate","duration":0.7343000000000757,"failureMessages":[],"meta":{}},{"ancestorTitles":["backupService"],"fullName":"backupService should handle transaction error in saveBackup","status":"passed","title":"should handle transaction error in saveBackup","duration":1.8788999999999305,"failureMessages":[],"meta":{}},{"ancestorTitles":["backupService"],"fullName":"backupService should handle load error gracefully","status":"passed","title":"should handle load error gracefully","duration":0.38840000000004693,"failureMessages":[],"meta":{}},{"ancestorTitles":["backupService"],"fullName":"backupService closeDatabase should close connection","status":"passed","title":"closeDatabase should close connection","duration":0.4271000000001095,"failureMessages":[],"meta":{}},{"ancestorTitles":["backupService"],"fullName":"backupService should reuse existing dbInitPromise","status":"passed","title":"should reuse existing dbInitPromise","duration":0.3487999999999829,"failureMessages":[],"meta":{}},{"ancestorTitles":["backupService"],"fullName":"backupService should reuse existing dbInstance","status":"passed","title":"should reuse existing dbInstance","duration":0.35219999999981155,"failureMessages":[],"meta":{}},{"ancestorTitles":["backupService"],"fullName":"backupService should handle transaction error in loadBackup","status":"passed","title":"should handle transaction error in loadBackup","duration":0.33080000000018117,"failureMessages":[],"meta":{}},{"ancestorTitles":["backupService"],"fullName":"backupService should handle transaction error in deleteBackup","status":"passed","title":"should handle transaction error in deleteBackup","duration":0.5610999999998967,"failureMessages":[],"meta":{}},{"ancestorTitles":["backupService"],"fullName":"backupService should handle missing navigator.storage","status":"passed","title":"should handle missing navigator.storage","duration":0.3571999999999207,"failureMessages":[],"meta":{}}],"startTime":1767534755845,"endTime":1767534755859.561,"status":"passed","message":"","name":"C:/Users/anton/DocenteDocAI-Flowise/docentedoc-ai/__tests__/services/backupService.test.ts"}],"coverageMap":{"C:\\Users\\anton\\DocenteDocAI-Flowise\\docentedoc-ai\\src\\services\\backupService.ts":{"path":"C:\\Users\\anton\\DocenteDocAI-Flowise\\docentedoc-ai\\src\\services\\backupService.ts","statementMap":{"0":{"start":{"line":6,"column":16},"end":{"line":6,"column":null}},"1":{"start":{"line":7,"column":19},"end":{"line":7,"column":null}},"2":{"start":{"line":8,"column":19},"end":{"line":8,"column":null}},"3":{"start":{"line":9,"column":19},"end":{"line":9,"column":null}},"4":{"start":{"line":11,"column":37},"end":{"line":11,"column":null}},"5":{"start":{"line":12,"column":49},"end":{"line":12,"column":null}},"6":{"start":{"line":15,"column":37},"end":{"line":25,"column":null}},"7":{"start":{"line":16,"column":4},"end":{"line":23,"column":null}},"8":{"start":{"line":17,"column":8},"end":{"line":20,"column":null}},"9":{"start":{"line":18,"column":32},"end":{"line":18,"column":null}},"10":{"start":{"line":19,"column":12},"end":{"line":19,"column":null}},"11":{"start":{"line":22,"column":8},"end":{"line":22,"column":null}},"12":{"start":{"line":24,"column":4},"end":{"line":24,"column":null}},"13":{"start":{"line":27,"column":33},"end":{"line":37,"column":null}},"14":{"start":{"line":28,"column":4},"end":{"line":35,"column":null}},"15":{"start":{"line":29,"column":8},"end":{"line":32,"column":null}},"16":{"start":{"line":30,"column":29},"end":{"line":30,"column":null}},"17":{"start":{"line":31,"column":12},"end":{"line":31,"column":null}},"18":{"start":{"line":34,"column":8},"end":{"line":34,"column":null}},"19":{"start":{"line":36,"column":4},"end":{"line":36,"column":null}},"20":{"start":{"line":44,"column":14},"end":{"line":127,"column":null}},"21":{"start":{"line":46,"column":4},"end":{"line":48,"column":null}},"22":{"start":{"line":47,"column":8},"end":{"line":47,"column":null}},"23":{"start":{"line":51,"column":4},"end":{"line":53,"column":null}},"24":{"start":{"line":52,"column":8},"end":{"line":52,"column":null}},"25":{"start":{"line":55,"column":4},"end":{"line":124,"column":null}},"26":{"start":{"line":56,"column":12},"end":{"line":123,"column":null}},"27":{"start":{"line":57,"column":32},"end":{"line":57,"column":null}},"28":{"start":{"line":59,"column":12},"end":{"line":63,"column":null}},"29":{"start":{"line":60,"column":16},"end":{"line":60,"column":null}},"30":{"start":{"line":61,"column":16},"end":{"line":61,"column":null}},"31":{"start":{"line":62,"column":16},"end":{"line":62,"column":null}},"32":{"start":{"line":65,"column":12},"end":{"line":99,"column":null}},"33":{"start":{"line":66,"column":16},"end":{"line":66,"column":null}},"34":{"start":{"line":69,"column":16},"end":{"line":85,"column":null}},"35":{"start":{"line":70,"column":20},"end":{"line":70,"column":null}},"36":{"start":{"line":71,"column":20},"end":{"line":71,"column":null}},"37":{"start":{"line":72,"column":20},"end":{"line":72,"column":null}},"38":{"start":{"line":73,"column":20},"end":{"line":73,"column":null}},"39":{"start":{"line":76,"column":42},"end":{"line":76,"column":null}},"40":{"start":{"line":77,"column":20},"end":{"line":80,"column":null}},"41":{"start":{"line":79,"column":24},"end":{"line":79,"column":null}},"42":{"start":{"line":81,"column":20},"end":{"line":83,"column":null}},"43":{"start":{"line":82,"column":24},"end":{"line":82,"column":null}},"44":{"start":{"line":84,"column":20},"end":{"line":84,"column":null}},"45":{"start":{"line":88,"column":16},"end":{"line":92,"column":null}},"46":{"start":{"line":89,"column":20},"end":{"line":89,"column":null}},"47":{"start":{"line":90,"column":20},"end":{"line":90,"column":null}},"48":{"start":{"line":91,"column":20},"end":{"line":91,"column":null}},"49":{"start":{"line":94,"column":16},"end":{"line":96,"column":null}},"50":{"start":{"line":95,"column":20},"end":{"line":95,"column":null}},"51":{"start":{"line":98,"column":16},"end":{"line":98,"column":null}},"52":{"start":{"line":101,"column":12},"end":{"line":112,"column":null}},"53":{"start":{"line":102,"column":28},"end":{"line":102,"column":null}},"54":{"start":{"line":105,"column":16},"end":{"line":107,"column":null}},"55":{"start":{"line":106,"column":20},"end":{"line":106,"column":null}},"56":{"start":{"line":110,"column":16},"end":{"line":110,"column":null}},"57":{"start":{"line":111,"column":16},"end":{"line":111,"column":null}},"58":{"start":{"line":114,"column":12},"end":{"line":118,"column":null}},"59":{"start":{"line":115,"column":16},"end":{"line":115,"column":null}},"60":{"start":{"line":116,"column":16},"end":{"line":116,"column":null}},"61":{"start":{"line":117,"column":16},"end":{"line":117,"column":null}},"62":{"start":{"line":121,"column":12},"end":{"line":121,"column":null}},"63":{"start":{"line":122,"column":12},"end":{"line":122,"column":null}},"64":{"start":{"line":126,"column":4},"end":{"line":126,"column":null}},"65":{"start":{"line":134,"column":26},"end":{"line":169,"column":null}},"66":{"start":{"line":135,"column":4},"end":{"line":168,"column":null}},"67":{"start":{"line":137,"column":8},"end":{"line":139,"column":null}},"68":{"start":{"line":138,"column":12},"end":{"line":138,"column":null}},"69":{"start":{"line":141,"column":19},"end":{"line":141,"column":null}},"70":{"start":{"line":142,"column":8},"end":{"line":164,"column":null}},"71":{"start":{"line":143,"column":12},"end":{"line":163,"column":null}},"72":{"start":{"line":144,"column":36},"end":{"line":144,"column":null}},"73":{"start":{"line":145,"column":30},"end":{"line":145,"column":null}},"74":{"start":{"line":148,"column":34},"end":{"line":150,"column":null}},"75":{"start":{"line":151,"column":16},"end":{"line":151,"column":null}},"76":{"start":{"line":153,"column":16},"end":{"line":156,"column":null}},"77":{"start":{"line":154,"column":20},"end":{"line":154,"column":null}},"78":{"start":{"line":155,"column":20},"end":{"line":155,"column":null}},"79":{"start":{"line":157,"column":16},"end":{"line":160,"column":null}},"80":{"start":{"line":158,"column":20},"end":{"line":158,"column":null}},"81":{"start":{"line":159,"column":20},"end":{"line":159,"column":null}},"82":{"start":{"line":162,"column":16},"end":{"line":162,"column":null}},"83":{"start":{"line":166,"column":8},"end":{"line":166,"column":null}},"84":{"start":{"line":167,"column":8},"end":{"line":167,"column":null}},"85":{"start":{"line":175,"column":26},"end":{"line":209,"column":null}},"86":{"start":{"line":176,"column":4},"end":{"line":208,"column":null}},"87":{"start":{"line":177,"column":19},"end":{"line":177,"column":null}},"88":{"start":{"line":178,"column":8},"end":{"line":204,"column":null}},"89":{"start":{"line":179,"column":12},"end":{"line":203,"column":null}},"90":{"start":{"line":180,"column":36},"end":{"line":180,"column":null}},"91":{"start":{"line":181,"column":30},"end":{"line":181,"column":null}},"92":{"start":{"line":182,"column":32},"end":{"line":182,"column":null}},"93":{"start":{"line":184,"column":16},"end":{"line":191,"column":null}},"94":{"start":{"line":185,"column":20},"end":{"line":189,"column":null}},"95":{"start":{"line":186,"column":24},"end":{"line":186,"column":null}},"96":{"start":{"line":188,"column":24},"end":{"line":188,"column":null}},"97":{"start":{"line":190,"column":20},"end":{"line":190,"column":null}},"98":{"start":{"line":192,"column":16},"end":{"line":195,"column":null}},"99":{"start":{"line":193,"column":20},"end":{"line":193,"column":null}},"100":{"start":{"line":194,"column":20},"end":{"line":194,"column":null}},"101":{"start":{"line":197,"column":16},"end":{"line":200,"column":null}},"102":{"start":{"line":198,"column":20},"end":{"line":198,"column":null}},"103":{"start":{"line":199,"column":20},"end":{"line":199,"column":null}},"104":{"start":{"line":202,"column":16},"end":{"line":202,"column":null}},"105":{"start":{"line":206,"column":8},"end":{"line":206,"column":null}},"106":{"start":{"line":207,"column":8},"end":{"line":207,"column":null}},"107":{"start":{"line":215,"column":28},"end":{"line":240,"column":null}},"108":{"start":{"line":216,"column":4},"end":{"line":239,"column":null}},"109":{"start":{"line":217,"column":19},"end":{"line":217,"column":null}},"110":{"start":{"line":218,"column":8},"end":{"line":235,"column":null}},"111":{"start":{"line":219,"column":12},"end":{"line":234,"column":null}},"112":{"start":{"line":220,"column":36},"end":{"line":220,"column":null}},"113":{"start":{"line":221,"column":30},"end":{"line":221,"column":null}},"114":{"start":{"line":222,"column":16},"end":{"line":222,"column":null}},"115":{"start":{"line":224,"column":16},"end":{"line":227,"column":null}},"116":{"start":{"line":225,"column":20},"end":{"line":225,"column":null}},"117":{"start":{"line":226,"column":20},"end":{"line":226,"column":null}},"118":{"start":{"line":228,"column":16},"end":{"line":231,"column":null}},"119":{"start":{"line":229,"column":20},"end":{"line":229,"column":null}},"120":{"start":{"line":230,"column":20},"end":{"line":230,"column":null}},"121":{"start":{"line":233,"column":16},"end":{"line":233,"column":null}},"122":{"start":{"line":237,"column":8},"end":{"line":237,"column":null}},"123":{"start":{"line":238,"column":8},"end":{"line":238,"column":null}},"124":{"start":{"line":245,"column":29},"end":{"line":252,"column":null}},"125":{"start":{"line":246,"column":4},"end":{"line":249,"column":null}},"126":{"start":{"line":247,"column":8},"end":{"line":247,"column":null}},"127":{"start":{"line":248,"column":8},"end":{"line":248,"column":null}},"128":{"start":{"line":250,"column":4},"end":{"line":250,"column":null}},"129":{"start":{"line":251,"column":4},"end":{"line":251,"column":null}},"130":{"start":{"line":257,"column":33},"end":{"line":260,"column":null}},"131":{"start":{"line":258,"column":4},"end":{"line":258,"column":null}},"132":{"start":{"line":259,"column":4},"end":{"line":259,"column":null}}},"fnMap":{"0":{"name":"(anonymous_0)","decl":{"start":{"line":15,"column":37},"end":{"line":15,"column":67}},"loc":{"start":{"line":15,"column":67},"end":{"line":25,"column":null}},"line":15},"1":{"name":"(anonymous_1)","decl":{"start":{"line":27,"column":33},"end":{"line":27,"column":45}},"loc":{"start":{"line":27,"column":45},"end":{"line":37,"column":null}},"line":27},"2":{"name":"(anonymous_2)","decl":{"start":{"line":44,"column":14},"end":{"line":44,"column":42}},"loc":{"start":{"line":44,"column":42},"end":{"line":127,"column":null}},"line":44},"3":{"name":"(anonymous_3)","decl":{"start":{"line":55,"column":32},"end":{"line":55,"column":33}},"loc":{"start":{"line":55,"column":53},"end":{"line":124,"column":5}},"line":55},"4":{"name":"(anonymous_4)","decl":{"start":{"line":59,"column":30},"end":{"line":59,"column":36}},"loc":{"start":{"line":59,"column":36},"end":{"line":63,"column":null}},"line":59},"5":{"name":"(anonymous_5)","decl":{"start":{"line":65,"column":32},"end":{"line":65,"column":38}},"loc":{"start":{"line":65,"column":38},"end":{"line":99,"column":null}},"line":65},"6":{"name":"(anonymous_6)","decl":{"start":{"line":77,"column":46},"end":{"line":77,"column":52}},"loc":{"start":{"line":77,"column":52},"end":{"line":80,"column":null}},"line":77},"7":{"name":"(anonymous_7)","decl":{"start":{"line":81,"column":44},"end":{"line":81,"column":50}},"loc":{"start":{"line":81,"column":50},"end":{"line":83,"column":null}},"line":81},"8":{"name":"(anonymous_8)","decl":{"start":{"line":88,"column":37},"end":{"line":88,"column":43}},"loc":{"start":{"line":88,"column":43},"end":{"line":92,"column":null}},"line":88},"9":{"name":"(anonymous_9)","decl":{"start":{"line":94,"column":37},"end":{"line":94,"column":38}},"loc":{"start":{"line":94,"column":48},"end":{"line":96,"column":null}},"line":94},"10":{"name":"(anonymous_10)","decl":{"start":{"line":101,"column":38},"end":{"line":101,"column":39}},"loc":{"start":{"line":101,"column":49},"end":{"line":112,"column":null}},"line":101},"11":{"name":"(anonymous_11)","decl":{"start":{"line":114,"column":32},"end":{"line":114,"column":38}},"loc":{"start":{"line":114,"column":38},"end":{"line":118,"column":null}},"line":114},"12":{"name":"(anonymous_12)","decl":{"start":{"line":134,"column":26},"end":{"line":134,"column":33}},"loc":{"start":{"line":134,"column":66},"end":{"line":169,"column":null}},"line":134},"13":{"name":"(anonymous_13)","decl":{"start":{"line":138,"column":42},"end":{"line":138,"column":48}},"loc":{"start":{"line":138,"column":48},"end":{"line":138,"column":50}},"line":138},"14":{"name":"(anonymous_14)","decl":{"start":{"line":142,"column":33},"end":{"line":142,"column":34}},"loc":{"start":{"line":142,"column":54},"end":{"line":164,"column":9}},"line":142},"15":{"name":"(anonymous_15)","decl":{"start":{"line":153,"column":41},"end":{"line":153,"column":47}},"loc":{"start":{"line":153,"column":47},"end":{"line":156,"column":null}},"line":153},"16":{"name":"(anonymous_16)","decl":{"start":{"line":157,"column":38},"end":{"line":157,"column":44}},"loc":{"start":{"line":157,"column":44},"end":{"line":160,"column":null}},"line":157},"17":{"name":"(anonymous_17)","decl":{"start":{"line":175,"column":26},"end":{"line":175,"column":63}},"loc":{"start":{"line":175,"column":63},"end":{"line":209,"column":null}},"line":175},"18":{"name":"(anonymous_18)","decl":{"start":{"line":178,"column":33},"end":{"line":178,"column":34}},"loc":{"start":{"line":178,"column":54},"end":{"line":204,"column":9}},"line":178},"19":{"name":"(anonymous_19)","decl":{"start":{"line":184,"column":36},"end":{"line":184,"column":42}},"loc":{"start":{"line":184,"column":42},"end":{"line":191,"column":null}},"line":184},"20":{"name":"(anonymous_20)","decl":{"start":{"line":192,"column":34},"end":{"line":192,"column":40}},"loc":{"start":{"line":192,"column":40},"end":{"line":195,"column":null}},"line":192},"21":{"name":"(anonymous_21)","decl":{"start":{"line":197,"column":38},"end":{"line":197,"column":44}},"loc":{"start":{"line":197,"column":44},"end":{"line":200,"column":null}},"line":197},"22":{"name":"(anonymous_22)","decl":{"start":{"line":215,"column":28},"end":{"line":215,"column":55}},"loc":{"start":{"line":215,"column":55},"end":{"line":240,"column":null}},"line":215},"23":{"name":"(anonymous_23)","decl":{"start":{"line":218,"column":33},"end":{"line":218,"column":34}},"loc":{"start":{"line":218,"column":54},"end":{"line":235,"column":9}},"line":218},"24":{"name":"(anonymous_24)","decl":{"start":{"line":224,"column":41},"end":{"line":224,"column":47}},"loc":{"start":{"line":224,"column":47},"end":{"line":227,"column":null}},"line":224},"25":{"name":"(anonymous_25)","decl":{"start":{"line":228,"column":38},"end":{"line":228,"column":44}},"loc":{"start":{"line":228,"column":44},"end":{"line":231,"column":null}},"line":228},"26":{"name":"(anonymous_26)","decl":{"start":{"line":245,"column":29},"end":{"line":245,"column":41}},"loc":{"start":{"line":245,"column":41},"end":{"line":252,"column":null}},"line":245},"27":{"name":"(anonymous_27)","decl":{"start":{"line":257,"column":33},"end":{"line":257,"column":39}},"loc":{"start":{"line":257,"column":39},"end":{"line":260,"column":null}},"line":257}},"branchMap":{"0":{"loc":{"start":{"line":17,"column":8},"end":{"line":20,"column":null}},"type":"if","locations":[{"start":{"line":17,"column":8},"end":{"line":20,"column":null}},{"start":{},"end":{}}],"line":17},"1":{"loc":{"start":{"line":17,"column":12},"end":{"line":17,"column":60}},"type":"binary-expr","locations":[{"start":{"line":17,"column":12},"end":{"line":17,"column":33}},{"start":{"line":17,"column":33},"end":{"line":17,"column":60}}],"line":17},"2":{"loc":{"start":{"line":29,"column":8},"end":{"line":32,"column":null}},"type":"if","locations":[{"start":{"line":29,"column":8},"end":{"line":32,"column":null}},{"start":{},"end":{}}],"line":29},"3":{"loc":{"start":{"line":29,"column":12},"end":{"line":29,"column":61}},"type":"binary-expr","locations":[{"start":{"line":29,"column":12},"end":{"line":29,"column":33}},{"start":{"line":29,"column":33},"end":{"line":29,"column":61}}],"line":29},"4":{"loc":{"start":{"line":46,"column":4},"end":{"line":48,"column":null}},"type":"if","locations":[{"start":{"line":46,"column":4},"end":{"line":48,"column":null}},{"start":{},"end":{}}],"line":46},"5":{"loc":{"start":{"line":46,"column":8},"end":{"line":46,"column":72}},"type":"binary-expr","locations":[{"start":{"line":46,"column":8},"end":{"line":46,"column":22}},{"start":{"line":46,"column":22},"end":{"line":46,"column":72}}],"line":46},"6":{"loc":{"start":{"line":51,"column":4},"end":{"line":53,"column":null}},"type":"if","locations":[{"start":{"line":51,"column":4},"end":{"line":53,"column":null}},{"start":{},"end":{}}],"line":51},"7":{"loc":{"start":{"line":62,"column":58},"end":{"line":62,"column":99}},"type":"binary-expr","locations":[{"start":{"line":62,"column":58},"end":{"line":62,"column":84}},{"start":{"line":62,"column":84},"end":{"line":62,"column":99}}],"line":62},"8":{"loc":{"start":{"line":69,"column":16},"end":{"line":85,"column":null}},"type":"if","locations":[{"start":{"line":69,"column":16},"end":{"line":85,"column":null}},{"start":{},"end":{}}],"line":69},"9":{"loc":{"start":{"line":105,"column":16},"end":{"line":107,"column":null}},"type":"if","locations":[{"start":{"line":105,"column":16},"end":{"line":107,"column":null}},{"start":{},"end":{}}],"line":105},"10":{"loc":{"start":{"line":137,"column":8},"end":{"line":139,"column":null}},"type":"if","locations":[{"start":{"line":137,"column":8},"end":{"line":139,"column":null}},{"start":{},"end":{}}],"line":137},"11":{"loc":{"start":{"line":137,"column":12},"end":{"line":137,"column":85}},"type":"binary-expr","locations":[{"start":{"line":137,"column":12},"end":{"line":137,"column":45}},{"start":{"line":137,"column":45},"end":{"line":137,"column":85}}],"line":137},"12":{"loc":{"start":{"line":148,"column":34},"end":{"line":150,"column":null}},"type":"cond-expr","locations":[{"start":{"line":149,"column":22},"end":{"line":149,"column":null}},{"start":{"line":150,"column":22},"end":{"line":150,"column":null}}],"line":148},"13":{"loc":{"start":{"line":185,"column":20},"end":{"line":189,"column":null}},"type":"if","locations":[{"start":{"line":185,"column":20},"end":{"line":189,"column":null}},{"start":{"line":187,"column":27},"end":{"line":189,"column":null}}],"line":185},"14":{"loc":{"start":{"line":190,"column":28},"end":{"line":190,"column":50}},"type":"binary-expr","locations":[{"start":{"line":190,"column":28},"end":{"line":190,"column":46}},{"start":{"line":190,"column":46},"end":{"line":190,"column":50}}],"line":190},"15":{"loc":{"start":{"line":246,"column":4},"end":{"line":249,"column":null}},"type":"if","locations":[{"start":{"line":246,"column":4},"end":{"line":249,"column":null}},{"start":{},"end":{}}],"line":246}},"s":{"0":1,"1":1,"2":1,"3":1,"4":1,"5":1,"6":1,"7":3,"8":3,"9":2,"10":1,"11":1,"12":2,"13":1,"14":3,"15":3,"16":2,"17":1,"18":1,"19":2,"20":1,"21":17,"22":1,"23":16,"24":1,"25":15,"26":15,"27":15,"28":15,"29":1,"30":1,"31":1,"32":15,"33":13,"34":13,"35":1,"36":1,"37":1,"38":1,"39":1,"40":1,"41":1,"42":1,"43":0,"44":1,"45":12,"46":0,"47":0,"48":0,"49":12,"50":0,"51":12,"52":15,"53":1,"54":1,"55":1,"56":1,"57":1,"58":15,"59":1,"60":1,"61":1,"62":0,"63":0,"64":15,"65":1,"66":2,"67":2,"68":0,"69":2,"70":2,"71":2,"72":2,"73":2,"74":2,"75":2,"76":2,"77":1,"78":1,"79":2,"80":1,"81":1,"82":0,"83":1,"84":1,"85":1,"86":12,"87":12,"88":10,"89":10,"90":10,"91":10,"92":10,"93":10,"94":8,"95":1,"96":7,"97":8,"98":10,"99":1,"100":1,"101":10,"102":1,"103":1,"104":0,"105":4,"106":4,"107":1,"108":2,"109":2,"110":2,"111":2,"112":2,"113":2,"114":2,"115":2,"116":1,"117":1,"118":2,"119":1,"120":1,"121":0,"122":1,"123":1,"124":1,"125":1,"126":1,"127":1,"128":1,"129":1,"130":1,"131":19,"132":19},"f":{"0":3,"1":3,"2":17,"3":15,"4":1,"5":13,"6":1,"7":0,"8":0,"9":0,"10":1,"11":1,"12":2,"13":0,"14":2,"15":1,"16":1,"17":12,"18":10,"19":8,"20":1,"21":1,"22":2,"23":2,"24":1,"25":1,"26":1,"27":19},"b":{"0":[2,1],"1":[3,2],"2":[2,1],"3":[3,2],"4":[1,16],"5":[17,1],"6":[1,15],"7":[1,0],"8":[1,12],"9":[1,0],"10":[0,2],"11":[2,2],"12":[2,0],"13":[1,7],"14":[8,7],"15":[1,0]},"meta":{"lastBranch":16,"lastFunction":28,"lastStatement":133,"seen":{"s:6:16:6:Infinity":0,"s:7:19:7:Infinity":1,"s:8:19:8:Infinity":2,"s:9:19:9:Infinity":3,"s:11:37:11:Infinity":4,"s:12:49:12:Infinity":5,"s:15:37:25:Infinity":6,"f:15:37:15:67":0,"s:16:4:23:Infinity":7,"b:17:8:20:Infinity:undefined:undefined:undefined:undefined":0,"s:17:8:20:Infinity":8,"b:17:12:17:33:17:33:17:60":1,"s:18:32:18:Infinity":9,"s:19:12:19:Infinity":10,"s:22:8:22:Infinity":11,"s:24:4:24:Infinity":12,"s:27:33:37:Infinity":13,"f:27:33:27:45":1,"s:28:4:35:Infinity":14,"b:29:8:32:Infinity:undefined:undefined:undefined:undefined":2,"s:29:8:32:Infinity":15,"b:29:12:29:33:29:33:29:61":3,"s:30:29:30:Infinity":16,"s:31:12:31:Infinity":17,"s:34:8:34:Infinity":18,"s:36:4:36:Infinity":19,"s:44:14:127:Infinity":20,"f:44:14:44:42":2,"b:46:4:48:Infinity:undefined:undefined:undefined:undefined":4,"s:46:4:48:Infinity":21,"b:46:8:46:22:46:22:46:72":5,"s:47:8:47:Infinity":22,"b:51:4:53:Infinity:undefined:undefined:undefined:undefined":6,"s:51:4:53:Infinity":23,"s:52:8:52:Infinity":24,"s:55:4:124:Infinity":25,"f:55:32:55:33":3,"s:56:12:123:Infinity":26,"s:57:32:57:Infinity":27,"s:59:12:63:Infinity":28,"f:59:30:59:36":4,"s:60:16:60:Infinity":29,"s:61:16:61:Infinity":30,"s:62:16:62:Infinity":31,"b:62:58:62:84:62:84:62:99":7,"s:65:12:99:Infinity":32,"f:65:32:65:38":5,"s:66:16:66:Infinity":33,"b:69:16:85:Infinity:undefined:undefined:undefined:undefined":8,"s:69:16:85:Infinity":34,"s:70:20:70:Infinity":35,"s:71:20:71:Infinity":36,"s:72:20:72:Infinity":37,"s:73:20:73:Infinity":38,"s:76:42:76:Infinity":39,"s:77:20:80:Infinity":40,"f:77:46:77:52":6,"s:79:24:79:Infinity":41,"s:81:20:83:Infinity":42,"f:81:44:81:50":7,"s:82:24:82:Infinity":43,"s:84:20:84:Infinity":44,"s:88:16:92:Infinity":45,"f:88:37:88:43":8,"s:89:20:89:Infinity":46,"s:90:20:90:Infinity":47,"s:91:20:91:Infinity":48,"s:94:16:96:Infinity":49,"f:94:37:94:38":9,"s:95:20:95:Infinity":50,"s:98:16:98:Infinity":51,"s:101:12:112:Infinity":52,"f:101:38:101:39":10,"s:102:28:102:Infinity":53,"b:105:16:107:Infinity:undefined:undefined:undefined:undefined":9,"s:105:16:107:Infinity":54,"s:106:20:106:Infinity":55,"s:110:16:110:Infinity":56,"s:111:16:111:Infinity":57,"s:114:12:118:Infinity":58,"f:114:32:114:38":11,"s:115:16:115:Infinity":59,"s:116:16:116:Infinity":60,"s:117:16:117:Infinity":61,"s:121:12:121:Infinity":62,"s:122:12:122:Infinity":63,"s:126:4:126:Infinity":64,"s:134:26:169:Infinity":65,"f:134:26:134:33":12,"s:135:4:168:Infinity":66,"b:137:8:139:Infinity:undefined:undefined:undefined:undefined":10,"s:137:8:139:Infinity":67,"b:137:12:137:45:137:45:137:85":11,"s:138:12:138:Infinity":68,"f:138:42:138:48":13,"s:141:19:141:Infinity":69,"s:142:8:164:Infinity":70,"f:142:33:142:34":14,"s:143:12:163:Infinity":71,"s:144:36:144:Infinity":72,"s:145:30:145:Infinity":73,"s:148:34:150:Infinity":74,"b:149:22:149:Infinity:150:22:150:Infinity":12,"s:151:16:151:Infinity":75,"s:153:16:156:Infinity":76,"f:153:41:153:47":15,"s:154:20:154:Infinity":77,"s:155:20:155:Infinity":78,"s:157:16:160:Infinity":79,"f:157:38:157:44":16,"s:158:20:158:Infinity":80,"s:159:20:159:Infinity":81,"s:162:16:162:Infinity":82,"s:166:8:166:Infinity":83,"s:167:8:167:Infinity":84,"s:175:26:209:Infinity":85,"f:175:26:175:63":17,"s:176:4:208:Infinity":86,"s:177:19:177:Infinity":87,"s:178:8:204:Infinity":88,"f:178:33:178:34":18,"s:179:12:203:Infinity":89,"s:180:36:180:Infinity":90,"s:181:30:181:Infinity":91,"s:182:32:182:Infinity":92,"s:184:16:191:Infinity":93,"f:184:36:184:42":19,"b:185:20:189:Infinity:187:27:189:Infinity":13,"s:185:20:189:Infinity":94,"s:186:24:186:Infinity":95,"s:188:24:188:Infinity":96,"s:190:20:190:Infinity":97,"b:190:28:190:46:190:46:190:50":14,"s:192:16:195:Infinity":98,"f:192:34:192:40":20,"s:193:20:193:Infinity":99,"s:194:20:194:Infinity":100,"s:197:16:200:Infinity":101,"f:197:38:197:44":21,"s:198:20:198:Infinity":102,"s:199:20:199:Infinity":103,"s:202:16:202:Infinity":104,"s:206:8:206:Infinity":105,"s:207:8:207:Infinity":106,"s:215:28:240:Infinity":107,"f:215:28:215:55":22,"s:216:4:239:Infinity":108,"s:217:19:217:Infinity":109,"s:218:8:235:Infinity":110,"f:218:33:218:34":23,"s:219:12:234:Infinity":111,"s:220:36:220:Infinity":112,"s:221:30:221:Infinity":113,"s:222:16:222:Infinity":114,"s:224:16:227:Infinity":115,"f:224:41:224:47":24,"s:225:20:225:Infinity":116,"s:226:20:226:Infinity":117,"s:228:16:231:Infinity":118,"f:228:38:228:44":25,"s:229:20:229:Infinity":119,"s:230:20:230:Infinity":120,"s:233:16:233:Infinity":121,"s:237:8:237:Infinity":122,"s:238:8:238:Infinity":123,"s:245:29:252:Infinity":124,"f:245:29:245:41":26,"b:246:4:249:Infinity:undefined:undefined:undefined:undefined":15,"s:246:4:249:Infinity":125,"s:247:8:247:Infinity":126,"s:248:8:248:Infinity":127,"s:250:4:250:Infinity":128,"s:251:4:251:Infinity":129,"s:257:33:260:Infinity":130,"f:257:33:257:39":27,"s:258:4:258:Infinity":131,"s:259:4:259:Infinity":132}}}}}