<?xml version="1.0" encoding="UTF-8"?>
<coverage generated="1767537571860" clover="3.2.0">
  <project timestamp="1767537571860" name="All files">
    <metrics statements="61" coveredstatements="39" conditionals="25" coveredconditionals="13" methods="19" coveredmethods="10" elements="105" coveredelements="62" complexity="0" loc="61" ncloc="61" packages="1" files="1" classes="1"/>
    <file name="errorLogger.ts" path="C:\Users\anton\DocenteDocAI-Flowise\docentedoc-ai\src\services\errorLogger.ts">
      <metrics statements="61" coveredstatements="39" conditionals="25" coveredconditionals="13" methods="19" coveredmethods="10"/>
      <line num="18" count="1" type="stmt"/>
      <line num="19" count="1" type="stmt"/>
      <line num="20" count="1" type="stmt"/>
      <line num="35" count="116" type="stmt"/>
      <line num="36" count="116" type="stmt"/>
      <line num="49" count="116" type="stmt"/>
      <line num="52" count="116" type="stmt"/>
      <line num="53" count="116" type="stmt"/>
      <line num="61" count="116" type="cond" truecount="2" falsecount="0"/>
      <line num="62" count="115" type="stmt"/>
      <line num="63" count="1" type="cond" truecount="1" falsecount="1"/>
      <line num="64" count="1" type="stmt"/>
      <line num="66" count="0" type="stmt"/>
      <line num="70" count="0" type="stmt"/>
      <line num="78" count="1" type="stmt"/>
      <line num="93" count="1" type="cond" truecount="1" falsecount="1"/>
      <line num="94" count="1" type="cond" truecount="1" falsecount="1"/>
      <line num="95" count="1" type="stmt"/>
      <line num="109" count="0" type="stmt"/>
      <line num="116" count="0" type="stmt"/>
      <line num="123" count="122" type="stmt"/>
      <line num="124" count="122" type="stmt"/>
      <line num="125" count="122" type="cond" truecount="2" falsecount="0"/>
      <line num="127" count="115" type="stmt"/>
      <line num="128" count="115" type="stmt"/>
      <line num="130" count="0" type="stmt"/>
      <line num="131" count="0" type="stmt"/>
      <line num="139" count="0" type="stmt"/>
      <line num="146" count="2" type="stmt"/>
      <line num="153" count="0" type="stmt"/>
      <line num="165" count="0" type="stmt"/>
      <line num="167" count="0" type="stmt"/>
      <line num="170" count="0" type="cond" truecount="0" falsecount="2"/>
      <line num="171" count="0" type="stmt"/>
      <line num="174" count="0" type="cond" truecount="0" falsecount="2"/>
      <line num="175" count="0" type="stmt"/>
      <line num="185" count="1" type="stmt"/>
      <line num="186" count="1" type="stmt"/>
      <line num="187" count="1" type="stmt"/>
      <line num="189" count="0" type="stmt"/>
      <line num="197" count="0" type="stmt"/>
      <line num="198" count="0" type="stmt"/>
      <line num="199" count="0" type="stmt"/>
      <line num="201" count="0" type="stmt"/>
      <line num="202" count="0" type="stmt"/>
      <line num="210" count="116" type="stmt"/>
      <line num="211" count="116" type="stmt"/>
      <line num="214" count="116" type="stmt"/>
      <line num="217" count="116" type="cond" truecount="2" falsecount="0"/>
      <line num="218" count="10" type="stmt"/>
      <line num="221" count="116" type="stmt"/>
      <line num="223" count="0" type="stmt"/>
      <line num="231" count="115" type="stmt"/>
      <line num="232" count="115" type="stmt"/>
      <line num="234" count="115" type="stmt"/>
      <line num="235" count="6056" type="stmt"/>
      <line num="236" count="6056" type="stmt"/>
      <line num="238" count="0" type="stmt"/>
      <line num="245" count="1" type="stmt"/>
      <line num="248" count="1" type="cond" truecount="1" falsecount="1"/>
      <line num="249" count="1" type="stmt"/>
    </file>
  </project>
</coverage>
