{"C:\\Users\\anton\\DocenteDocAI-Flowise\\docentedoc-ai\\src\\constants.ts": {"path":"C:\\Users\\anton\\DocenteDocAI-Flowise\\docentedoc-ai\\src\\constants.ts","statementMap":{"0":{"start":{"line":3,"column":115},"end":{"line":3,"column":null}},"1":{"start":{"line":5,"column":54},"end":{"line":5,"column":null}},"2":{"start":{"line":7,"column":57},"end":{"line":16,"column":null}},"3":{"start":{"line":18,"column":55},"end":{"line":18,"column":null}},"4":{"start":{"line":20,"column":40},"end":{"line":23,"column":null}},"5":{"start":{"line":25,"column":55},"end":{"line":34,"column":null}},"6":{"start":{"line":36,"column":58},"end":{"line":41,"column":null}},"7":{"start":{"line":44,"column":27},"end":{"line":61,"column":null}},"8":{"start":{"line":64,"column":29},"end":{"line":72,"column":null}},"9":{"start":{"line":75,"column":25},"end":{"line":80,"column":null}},"10":{"start":{"line":83,"column":27},"end":{"line":90,"column":null}},"11":{"start":{"line":92,"column":22},"end":{"line":95,"column":null}},"12":{"start":{"line":93,"column":17},"end":{"line":93,"column":null}},"13":{"start":{"line":94,"column":4},"end":{"line":94,"column":null}},"14":{"start":{"line":94,"column":26},"end":{"line":94,"column":66}},"15":{"start":{"line":97,"column":48},"end":{"line":127,"column":null}},"16":{"start":{"line":130,"column":52},"end":{"line":136,"column":null}},"17":{"start":{"line":138,"column":66},"end":{"line":151,"column":null}},"18":{"start":{"line":153,"column":22},"end":{"line":153,"column":null}},"19":{"start":{"line":154,"column":24},"end":{"line":154,"column":null}},"20":{"start":{"line":155,"column":33},"end":{"line":155,"column":null}},"21":{"start":{"line":156,"column":0},"end":{"line":160,"column":null}},"22":{"start":{"line":157,"column":4},"end":{"line":159,"column":null}},"23":{"start":{"line":158,"column":8},"end":{"line":158,"column":null}},"24":{"start":{"line":162,"column":61},"end":{"line":200,"column":null}},"25":{"start":{"line":202,"column":58},"end":{"line":214,"column":null}}},"fnMap":{"0":{"name":"(anonymous_0)","decl":{"start":{"line":92,"column":22},"end":{"line":92,"column":23}},"loc":{"start":{"line":92,"column":114},"end":{"line":95,"column":null}},"line":92},"1":{"name":"(anonymous_1)","decl":{"start":{"line":94,"column":20},"end":{"line":94,"column":26}},"loc":{"start":{"line":94,"column":26},"end":{"line":94,"column":66}},"line":94}},"branchMap":{"0":{"loc":{"start":{"line":92,"column":45},"end":{"line":92,"column":114}},"type":"default-arg","locations":[{"start":{"line":92,"column":76},"end":{"line":92,"column":114}}],"line":92},"1":{"loc":{"start":{"line":93,"column":17},"end":{"line":93,"column":null}},"type":"cond-expr","locations":[{"start":{"line":93,"column":38},"end":{"line":93,"column":59}},{"start":{"line":93,"column":59},"end":{"line":93,"column":null}}],"line":93},"2":{"loc":{"start":{"line":179,"column":23},"end":{"line":179,"column":110}},"type":"cond-expr","locations":[{"start":{"line":179,"column":51},"end":{"line":179,"column":82}},{"start":{"line":179,"column":78},"end":{"line":179,"column":110}}],"line":179},"3":{"loc":{"start":{"line":180,"column":21},"end":{"line":180,"column":108}},"type":"cond-expr","locations":[{"start":{"line":180,"column":49},"end":{"line":180,"column":84}},{"start":{"line":180,"column":80},"end":{"line":180,"column":108}}],"line":180},"4":{"loc":{"start":{"line":195,"column":20},"end":{"line":195,"column":null}},"type":"binary-expr","locations":[{"start":{"line":195,"column":20},"end":{"line":195,"column":61}},{"start":{"line":195,"column":61},"end":{"line":195,"column":null}}],"line":195}},"s":{"0":8,"1":8,"2":8,"3":8,"4":8,"5":8,"6":8,"7":8,"8":8,"9":8,"10":8,"11":8,"12":232,"13":232,"14":1264,"15":8,"16":8,"17":8,"18":8,"19":8,"20":8,"21":8,"22":24,"23":72,"24":8,"25":8},"f":{"0":232,"1":1264},"b":{"0":[232],"1":[168,64],"2":[8,0],"3":[8,0],"4":[8,0]},"meta":{"lastBranch":5,"lastFunction":2,"lastStatement":26,"seen":{"s:3:115:3:Infinity":0,"s:5:54:5:Infinity":1,"s:7:57:16:Infinity":2,"s:18:55:18:Infinity":3,"s:20:40:23:Infinity":4,"s:25:55:34:Infinity":5,"s:36:58:41:Infinity":6,"s:44:27:61:Infinity":7,"s:64:29:72:Infinity":8,"s:75:25:80:Infinity":9,"s:83:27:90:Infinity":10,"s:92:22:95:Infinity":11,"f:92:22:92:23":0,"b:92:76:92:114":0,"s:93:17:93:Infinity":12,"b:93:38:93:59:93:59:93:Infinity":1,"s:94:4:94:Infinity":13,"f:94:20:94:26":1,"s:94:26:94:66":14,"s:97:48:127:Infinity":15,"s:130:52:136:Infinity":16,"s:138:66:151:Infinity":17,"s:153:22:153:Infinity":18,"s:154:24:154:Infinity":19,"s:155:33:155:Infinity":20,"s:156:0:160:Infinity":21,"s:157:4:159:Infinity":22,"s:158:8:158:Infinity":23,"s:162:61:200:Infinity":24,"b:179:51:179:82:179:78:179:110":2,"b:180:49:180:84:180:80:180:108":3,"b:195:20:195:61:195:61:195:Infinity":4,"s:202:58:214:Infinity":25}}}
,"C:\\Users\\anton\\DocenteDocAI-Flowise\\docentedoc-ai\\src\\components\\AddProvaModal.tsx": {"path":"C:\\Users\\anton\\DocenteDocAI-Flowise\\docentedoc-ai\\src\\components\\AddProvaModal.tsx","statementMap":{"0":{"start":{"line":13,"column":24},"end":{"line":22,"column":null}},"1":{"start":{"line":14,"column":4},"end":{"line":21,"column":null}},"2":{"start":{"line":15,"column":24},"end":{"line":15,"column":null}},"3":{"start":{"line":16,"column":22},"end":{"line":16,"column":null}},"4":{"start":{"line":17,"column":24},"end":{"line":17,"column":null}},"5":{"start":{"line":18,"column":21},"end":{"line":18,"column":null}},"6":{"start":{"line":19,"column":25},"end":{"line":19,"column":null}},"7":{"start":{"line":20,"column":17},"end":{"line":20,"column":null}},"8":{"start":{"line":24,"column":52},"end":{"line":112,"column":null}},"9":{"start":{"line":25,"column":30},"end":{"line":25,"column":null}},"10":{"start":{"line":26,"column":24},"end":{"line":26,"column":null}},"11":{"start":{"line":27,"column":24},"end":{"line":27,"column":null}},"12":{"start":{"line":28,"column":34},"end":{"line":28,"column":null}},"13":{"start":{"line":30,"column":28},"end":{"line":43,"column":null}},"14":{"start":{"line":31,"column":8},"end":{"line":34,"column":null}},"15":{"start":{"line":32,"column":12},"end":{"line":32,"column":null}},"16":{"start":{"line":33,"column":12},"end":{"line":33,"column":null}},"17":{"start":{"line":35,"column":8},"end":{"line":41,"column":null}},"18":{"start":{"line":42,"column":8},"end":{"line":42,"column":null}},"19":{"start":{"line":45,"column":4},"end":{"line":110,"column":null}},"20":{"start":{"line":67,"column":35},"end":{"line":67,"column":null}},"21":{"start":{"line":79,"column":39},"end":{"line":79,"column":null}},"22":{"start":{"line":87,"column":39},"end":{"line":87,"column":null}},"23":{"start":{"line":90,"column":54},"end":{"line":90,"column":92}},"24":{"start":{"line":98,"column":28},"end":{"line":105,"column":null}},"25":{"start":{"line":102,"column":47},"end":{"line":102,"column":null}}},"fnMap":{"0":{"name":"(anonymous_0)","decl":{"start":{"line":13,"column":24},"end":{"line":13,"column":25}},"loc":{"start":{"line":13,"column":42},"end":{"line":22,"column":null}},"line":13},"1":{"name":"(anonymous_1)","decl":{"start":{"line":24,"column":52},"end":{"line":24,"column":53}},"loc":{"start":{"line":24,"column":90},"end":{"line":112,"column":null}},"line":24},"2":{"name":"(anonymous_2)","decl":{"start":{"line":30,"column":28},"end":{"line":30,"column":34}},"loc":{"start":{"line":30,"column":34},"end":{"line":43,"column":null}},"line":30},"3":{"name":"(anonymous_3)","decl":{"start":{"line":67,"column":30},"end":{"line":67,"column":35}},"loc":{"start":{"line":67,"column":35},"end":{"line":67,"column":null}},"line":67},"4":{"name":"(anonymous_4)","decl":{"start":{"line":79,"column":34},"end":{"line":79,"column":39}},"loc":{"start":{"line":79,"column":39},"end":{"line":79,"column":null}},"line":79},"5":{"name":"(anonymous_5)","decl":{"start":{"line":87,"column":34},"end":{"line":87,"column":39}},"loc":{"start":{"line":87,"column":39},"end":{"line":87,"column":null}},"line":87},"6":{"name":"(anonymous_6)","decl":{"start":{"line":90,"column":49},"end":{"line":90,"column":54}},"loc":{"start":{"line":90,"column":54},"end":{"line":90,"column":92}},"line":90},"7":{"name":"(anonymous_7)","decl":{"start":{"line":97,"column":46},"end":{"line":97,"column":null}},"loc":{"start":{"line":98,"column":28},"end":{"line":105,"column":null}},"line":98},"8":{"name":"(anonymous_8)","decl":{"start":{"line":102,"column":41},"end":{"line":102,"column":47}},"loc":{"start":{"line":102,"column":47},"end":{"line":102,"column":null}},"line":102}},"branchMap":{"0":{"loc":{"start":{"line":14,"column":4},"end":{"line":21,"column":null}},"type":"switch","locations":[{"start":{"line":15,"column":8},"end":{"line":15,"column":null}},{"start":{"line":16,"column":8},"end":{"line":16,"column":null}},{"start":{"line":17,"column":8},"end":{"line":17,"column":null}},{"start":{"line":18,"column":8},"end":{"line":18,"column":null}},{"start":{"line":19,"column":8},"end":{"line":19,"column":null}},{"start":{"line":20,"column":8},"end":{"line":20,"column":null}}],"line":14},"1":{"loc":{"start":{"line":25,"column":52},"end":{"line":25,"column":88}},"type":"binary-expr","locations":[{"start":{"line":25,"column":52},"end":{"line":25,"column":67}},{"start":{"line":25,"column":67},"end":{"line":25,"column":86}},{"start":{"line":25,"column":86},"end":{"line":25,"column":88}}],"line":25},"2":{"loc":{"start":{"line":31,"column":8},"end":{"line":34,"column":null}},"type":"if","locations":[{"start":{"line":31,"column":8},"end":{"line":34,"column":null}},{"start":{},"end":{}}],"line":31},"3":{"loc":{"start":{"line":31,"column":12},"end":{"line":31,"column":54}},"type":"binary-expr","locations":[{"start":{"line":31,"column":12},"end":{"line":31,"column":24}},{"start":{"line":31,"column":24},"end":{"line":31,"column":33}},{"start":{"line":31,"column":33},"end":{"line":31,"column":42}},{"start":{"line":31,"column":42},"end":{"line":31,"column":54}}],"line":31},"4":{"loc":{"start":{"line":90,"column":26},"end":{"line":90,"column":45}},"type":"binary-expr","locations":[{"start":{"line":90,"column":26},"end":{"line":90,"column":41}},{"start":{"line":90,"column":41},"end":{"line":90,"column":45}}],"line":90}},"s":{"0":1,"1":6,"2":1,"3":1,"4":1,"5":1,"6":1,"7":1,"8":1,"9":1,"10":1,"11":1,"12":1,"13":1,"14":0,"15":0,"16":0,"17":0,"18":0,"19":1,"20":0,"21":0,"22":0,"23":2,"24":6,"25":0},"f":{"0":6,"1":1,"2":0,"3":0,"4":0,"5":0,"6":2,"7":6,"8":0},"b":{"0":[1,1,1,1,1,1],"1":[1,1,0],"2":[0,0],"3":[0,0,0,0],"4":[1,0]},"meta":{"lastBranch":5,"lastFunction":9,"lastStatement":26,"seen":{"s:13:24:22:Infinity":0,"f:13:24:13:25":0,"b:15:8:15:Infinity:16:8:16:Infinity:17:8:17:Infinity:18:8:18:Infinity:19:8:19:Infinity:20:8:20:Infinity":0,"s:14:4:21:Infinity":1,"s:15:24:15:Infinity":2,"s:16:22:16:Infinity":3,"s:17:24:17:Infinity":4,"s:18:21:18:Infinity":5,"s:19:25:19:Infinity":6,"s:20:17:20:Infinity":7,"s:24:52:112:Infinity":8,"f:24:52:24:53":1,"s:25:30:25:Infinity":9,"b:25:52:25:67:25:67:25:86:25:86:25:88":1,"s:26:24:26:Infinity":10,"s:27:24:27:Infinity":11,"s:28:34:28:Infinity":12,"s:30:28:43:Infinity":13,"f:30:28:30:34":2,"b:31:8:34:Infinity:undefined:undefined:undefined:undefined":2,"s:31:8:34:Infinity":14,"b:31:12:31:24:31:24:31:33:31:33:31:42:31:42:31:54":3,"s:32:12:32:Infinity":15,"s:33:12:33:Infinity":16,"s:35:8:41:Infinity":17,"s:42:8:42:Infinity":18,"s:45:4:110:Infinity":19,"f:67:30:67:35":3,"s:67:35:67:Infinity":20,"f:79:34:79:39":4,"s:79:39:79:Infinity":21,"f:87:34:87:39":5,"s:87:39:87:Infinity":22,"b:90:26:90:41:90:41:90:45":4,"f:90:49:90:54":6,"s:90:54:90:92":23,"f:97:46:97:Infinity":7,"s:98:28:105:Infinity":24,"f:102:41:102:47":8,"s:102:47:102:Infinity":25}}}
,"C:\\Users\\anton\\DocenteDocAI-Flowise\\docentedoc-ai\\src\\components\\AiThinkingGem.tsx": {"path":"C:\\Users\\anton\\DocenteDocAI-Flowise\\docentedoc-ai\\src\\components\\AiThinkingGem.tsx","statementMap":{"0":{"start":{"line":9,"column":52},"end":{"line":57,"column":null}},"1":{"start":{"line":10,"column":20},"end":{"line":14,"column":null}},"2":{"start":{"line":16,"column":16},"end":{"line":16,"column":null}},"3":{"start":{"line":18,"column":4},"end":{"line":55,"column":null}}},"fnMap":{"0":{"name":"(anonymous_0)","decl":{"start":{"line":9,"column":52},"end":{"line":9,"column":53}},"loc":{"start":{"line":9,"column":99},"end":{"line":57,"column":null}},"line":9}},"branchMap":{"0":{"loc":{"start":{"line":9,"column":55},"end":{"line":9,"column":72}},"type":"default-arg","locations":[{"start":{"line":9,"column":62},"end":{"line":9,"column":72}}],"line":9},"1":{"loc":{"start":{"line":9,"column":78},"end":{"line":9,"column":93}},"type":"default-arg","locations":[{"start":{"line":9,"column":87},"end":{"line":9,"column":93}}],"line":9},"2":{"loc":{"start":{"line":19,"column":32},"end":{"line":19,"column":76}},"type":"cond-expr","locations":[{"start":{"line":19,"column":41},"end":{"line":19,"column":60}},{"start":{"line":19,"column":60},"end":{"line":19,"column":76}}],"line":19},"3":{"loc":{"start":{"line":48,"column":13},"end":{"line":48,"column":null}},"type":"binary-expr","locations":[{"start":{"line":48,"column":13},"end":{"line":48,"column":21}},{"start":{"line":48,"column":21},"end":{"line":48,"column":null}}],"line":48}},"s":{"0":2,"1":4,"2":4,"3":4},"f":{"0":4},"b":{"0":[4],"1":[4],"2":[4,0],"3":[4,4]},"meta":{"lastBranch":4,"lastFunction":1,"lastStatement":4,"seen":{"s:9:52:57:Infinity":0,"f:9:52:9:53":0,"b:9:62:9:72":0,"b:9:87:9:93":1,"s:10:20:14:Infinity":1,"s:16:16:16:Infinity":2,"s:18:4:55:Infinity":3,"b:19:41:19:60:19:60:19:76":2,"b:48:13:48:21:48:21:48:Infinity":3}}}
,"C:\\Users\\anton\\DocenteDocAI-Flowise\\docentedoc-ai\\src\\components\\AnnualPlanningWizard.tsx": {"path":"C:\\Users\\anton\\DocenteDocAI-Flowise\\docentedoc-ai\\src\\components\\AnnualPlanningWizard.tsx","statementMap":{"0":{"start":{"line":25,"column":66},"end":{"line":557,"column":null}},"1":{"start":{"line":28,"column":24},"end":{"line":28,"column":null}},"2":{"start":{"line":31,"column":42},"end":{"line":31,"column":null}},"3":{"start":{"line":32,"column":46},"end":{"line":32,"column":null}},"4":{"start":{"line":33,"column":46},"end":{"line":33,"column":null}},"5":{"start":{"line":36,"column":42},"end":{"line":36,"column":null}},"6":{"start":{"line":37,"column":44},"end":{"line":37,"column":null}},"7":{"start":{"line":38,"column":42},"end":{"line":38,"column":null}},"8":{"start":{"line":39,"column":46},"end":{"line":39,"column":null}},"9":{"start":{"line":42,"column":38},"end":{"line":42,"column":null}},"10":{"start":{"line":43,"column":50},"end":{"line":43,"column":null}},"11":{"start":{"line":52,"column":38},"end":{"line":52,"column":null}},"12":{"start":{"line":53,"column":38},"end":{"line":53,"column":null}},"13":{"start":{"line":54,"column":38},"end":{"line":54,"column":null}},"14":{"start":{"line":55,"column":40},"end":{"line":55,"column":null}},"15":{"start":{"line":56,"column":56},"end":{"line":56,"column":null}},"16":{"start":{"line":57,"column":48},"end":{"line":57,"column":null}},"17":{"start":{"line":60,"column":10},"end":{"line":60,"column":null}},"18":{"start":{"line":61,"column":32},"end":{"line":61,"column":null}},"19":{"start":{"line":62,"column":32},"end":{"line":62,"column":null}},"20":{"start":{"line":65,"column":46},"end":{"line":65,"column":null}},"21":{"start":{"line":68,"column":48},"end":{"line":68,"column":null}},"22":{"start":{"line":71,"column":10},"end":{"line":77,"column":null}},"23":{"start":{"line":71,"column":43},"end":{"line":77,"column":7}},"24":{"start":{"line":72,"column":8},"end":{"line":76,"column":null}},"25":{"start":{"line":79,"column":25},"end":{"line":81,"column":null}},"26":{"start":{"line":80,"column":8},"end":{"line":80,"column":null}},"27":{"start":{"line":80,"column":35},"end":{"line":80,"column":97}},"28":{"start":{"line":80,"column":72},"end":{"line":80,"column":80}},"29":{"start":{"line":83,"column":27},"end":{"line":87,"column":null}},"30":{"start":{"line":91,"column":36},"end":{"line":105,"column":null}},"31":{"start":{"line":92,"column":8},"end":{"line":92,"column":null}},"32":{"start":{"line":93,"column":8},"end":{"line":104,"column":null}},"33":{"start":{"line":94,"column":25},"end":{"line":98,"column":null}},"34":{"start":{"line":99,"column":12},"end":{"line":99,"column":null}},"35":{"start":{"line":101,"column":12},"end":{"line":101,"column":null}},"36":{"start":{"line":103,"column":12},"end":{"line":103,"column":null}},"37":{"start":{"line":107,"column":38},"end":{"line":117,"column":null}},"38":{"start":{"line":108,"column":8},"end":{"line":108,"column":null}},"39":{"start":{"line":109,"column":8},"end":{"line":116,"column":null}},"40":{"start":{"line":110,"column":25},"end":{"line":110,"column":null}},"41":{"start":{"line":111,"column":12},"end":{"line":111,"column":null}},"42":{"start":{"line":113,"column":12},"end":{"line":113,"column":null}},"43":{"start":{"line":115,"column":12},"end":{"line":115,"column":null}},"44":{"start":{"line":119,"column":37},"end":{"line":148,"column":null}},"45":{"start":{"line":120,"column":26},"end":{"line":123,"column":null}},"46":{"start":{"line":121,"column":26},"end":{"line":121,"column":57}},"47":{"start":{"line":122,"column":23},"end":{"line":122,"column":33}},"48":{"start":{"line":125,"column":8},"end":{"line":128,"column":null}},"49":{"start":{"line":126,"column":12},"end":{"line":126,"column":null}},"50":{"start":{"line":127,"column":12},"end":{"line":127,"column":null}},"51":{"start":{"line":130,"column":8},"end":{"line":130,"column":null}},"52":{"start":{"line":131,"column":8},"end":{"line":147,"column":null}},"53":{"start":{"line":133,"column":12},"end":{"line":133,"column":null}},"54":{"start":{"line":133,"column":35},"end":{"line":133,"column":53}},"55":{"start":{"line":134,"column":12},"end":{"line":134,"column":null}},"56":{"start":{"line":136,"column":25},"end":{"line":136,"column":null}},"57":{"start":{"line":137,"column":12},"end":{"line":141,"column":null}},"58":{"start":{"line":138,"column":16},"end":{"line":138,"column":null}},"59":{"start":{"line":138,"column":51},"end":{"line":138,"column":79}},"60":{"start":{"line":140,"column":16},"end":{"line":140,"column":null}},"61":{"start":{"line":143,"column":12},"end":{"line":143,"column":null}},"62":{"start":{"line":144,"column":12},"end":{"line":144,"column":null}},"63":{"start":{"line":146,"column":12},"end":{"line":146,"column":null}},"64":{"start":{"line":150,"column":25},"end":{"line":156,"column":null}},"65":{"start":{"line":151,"column":8},"end":{"line":151,"column":null}},"66":{"start":{"line":151,"column":33},"end":{"line":151,"column":null}},"67":{"start":{"line":152,"column":22},"end":{"line":152,"column":null}},"68":{"start":{"line":153,"column":8},"end":{"line":153,"column":null}},"69":{"start":{"line":154,"column":8},"end":{"line":154,"column":null}},"70":{"start":{"line":155,"column":8},"end":{"line":155,"column":null}},"71":{"start":{"line":158,"column":27},"end":{"line":160,"column":null}},"72":{"start":{"line":159,"column":8},"end":{"line":159,"column":null}},"73":{"start":{"line":159,"column":31},"end":{"line":159,"column":79}},"74":{"start":{"line":159,"column":45},"end":{"line":159,"column":78}},"75":{"start":{"line":162,"column":30},"end":{"line":166,"column":null}},"76":{"start":{"line":163,"column":21},"end":{"line":163,"column":null}},"77":{"start":{"line":164,"column":8},"end":{"line":164,"column":null}},"78":{"start":{"line":165,"column":8},"end":{"line":165,"column":null}},"79":{"start":{"line":168,"column":30},"end":{"line":193,"column":null}},"80":{"start":{"line":170,"column":26},"end":{"line":170,"column":null}},"81":{"start":{"line":172,"column":25},"end":{"line":189,"column":null}},"82":{"start":{"line":173,"column":37},"end":{"line":173,"column":null}},"83":{"start":{"line":174,"column":32},"end":{"line":174,"column":null}},"84":{"start":{"line":176,"column":30},"end":{"line":176,"column":null}},"85":{"start":{"line":177,"column":12},"end":{"line":177,"column":null}},"86":{"start":{"line":180,"column":12},"end":{"line":182,"column":null}},"87":{"start":{"line":181,"column":16},"end":{"line":181,"column":null}},"88":{"start":{"line":184,"column":12},"end":{"line":188,"column":null}},"89":{"start":{"line":191,"column":8},"end":{"line":191,"column":null}},"90":{"start":{"line":192,"column":8},"end":{"line":192,"column":null}},"91":{"start":{"line":195,"column":27},"end":{"line":245,"column":null}},"92":{"start":{"line":196,"column":8},"end":{"line":196,"column":null}},"93":{"start":{"line":197,"column":8},"end":{"line":244,"column":null}},"94":{"start":{"line":198,"column":12},"end":{"line":233,"column":null}},"95":{"start":{"line":199,"column":36},"end":{"line":216,"column":null}},"96":{"start":{"line":217,"column":16},"end":{"line":217,"column":null}},"97":{"start":{"line":220,"column":35},"end":{"line":220,"column":null}},"98":{"start":{"line":221,"column":46},"end":{"line":221,"column":null}},"99":{"start":{"line":222,"column":16},"end":{"line":231,"column":null}},"100":{"start":{"line":222,"column":26},"end":{"line":222,"column":29}},"101":{"start":{"line":223,"column":20},"end":{"line":230,"column":null}},"102":{"start":{"line":232,"column":16},"end":{"line":232,"column":null}},"103":{"start":{"line":235,"column":12},"end":{"line":235,"column":null}},"104":{"start":{"line":236,"column":12},"end":{"line":236,"column":null}},"105":{"start":{"line":238,"column":12},"end":{"line":238,"column":null}},"106":{"start":{"line":240,"column":12},"end":{"line":240,"column":null}},"107":{"start":{"line":241,"column":12},"end":{"line":241,"column":null}},"108":{"start":{"line":243,"column":12},"end":{"line":243,"column":null}},"109":{"start":{"line":247,"column":30},"end":{"line":298,"column":null}},"110":{"start":{"line":248,"column":8},"end":{"line":248,"column":null}},"111":{"start":{"line":249,"column":8},"end":{"line":297,"column":null}},"112":{"start":{"line":250,"column":28},"end":{"line":252,"column":null}},"113":{"start":{"line":251,"column":16},"end":{"line":251,"column":null}},"114":{"start":{"line":254,"column":30},"end":{"line":257,"column":null}},"115":{"start":{"line":255,"column":30},"end":{"line":255,"column":61}},"116":{"start":{"line":256,"column":27},"end":{"line":256,"column":90}},"117":{"start":{"line":259,"column":36},"end":{"line":259,"column":null}},"118":{"start":{"line":259,"column":57},"end":{"line":259,"column":83}},"119":{"start":{"line":260,"column":29},"end":{"line":260,"column":null}},"120":{"start":{"line":260,"column":57},"end":{"line":260,"column":80}},"121":{"start":{"line":261,"column":26},"end":{"line":261,"column":null}},"122":{"start":{"line":262,"column":30},"end":{"line":262,"column":null}},"123":{"start":{"line":264,"column":12},"end":{"line":264,"column":null}},"124":{"start":{"line":265,"column":32},"end":{"line":276,"column":null}},"125":{"start":{"line":278,"column":25},"end":{"line":278,"column":null}},"126":{"start":{"line":279,"column":29},"end":{"line":279,"column":null}},"127":{"start":{"line":281,"column":38},"end":{"line":288,"column":null}},"128":{"start":{"line":289,"column":12},"end":{"line":289,"column":null}},"129":{"start":{"line":290,"column":12},"end":{"line":290,"column":null}},"130":{"start":{"line":292,"column":12},"end":{"line":292,"column":null}},"131":{"start":{"line":294,"column":12},"end":{"line":294,"column":null}},"132":{"start":{"line":296,"column":12},"end":{"line":296,"column":null}},"133":{"start":{"line":300,"column":32},"end":{"line":318,"column":null}},"134":{"start":{"line":301,"column":8},"end":{"line":318,"column":null}},"135":{"start":{"line":303,"column":46},"end":{"line":303,"column":null}},"136":{"start":{"line":304,"column":33},"end":{"line":304,"column":null}},"137":{"start":{"line":305,"column":31},"end":{"line":305,"column":null}},"138":{"start":{"line":307,"column":34},"end":{"line":307,"column":null}},"139":{"start":{"line":308,"column":16},"end":{"line":309,"column":null}},"140":{"start":{"line":308,"column":30},"end":{"line":308,"column":null}},"141":{"start":{"line":308,"column":45},"end":{"line":309,"column":null}},"142":{"start":{"line":309,"column":33},"end":{"line":309,"column":null}},"143":{"start":{"line":311,"column":16},"end":{"line":315,"column":null}},"144":{"start":{"line":321,"column":4},"end":{"line":555,"column":null}},"145":{"start":{"line":339,"column":137},"end":{"line":339,"column":171}},"146":{"start":{"line":340,"column":66},"end":{"line":340,"column":104}},"147":{"start":{"line":345,"column":143},"end":{"line":345,"column":179}},"148":{"start":{"line":346,"column":75},"end":{"line":346,"column":113}},"149":{"start":{"line":359,"column":40},"end":{"line":366,"column":null}},"150":{"start":{"line":360,"column":151},"end":{"line":360,"column":172}},"151":{"start":{"line":380,"column":36},"end":{"line":387,"column":null}},"152":{"start":{"line":382,"column":55},"end":{"line":382,"column":null}},"153":{"start":{"line":382,"column":77},"end":{"line":382,"column":133}},"154":{"start":{"line":382,"column":109},"end":{"line":382,"column":118}},"155":{"start":{"line":392,"column":180},"end":{"line":392,"column":215}},"156":{"start":{"line":400,"column":181},"end":{"line":400,"column":215}},"157":{"start":{"line":416,"column":179},"end":{"line":416,"column":211}},"158":{"start":{"line":427,"column":55},"end":{"line":427,"column":null}},"159":{"start":{"line":437,"column":153},"end":{"line":437,"column":209}},"160":{"start":{"line":451,"column":51},"end":{"line":451,"column":null}},"161":{"start":{"line":459,"column":144},"end":{"line":459,"column":176}},"162":{"start":{"line":459,"column":222},"end":{"line":459,"column":259}},"163":{"start":{"line":463,"column":146},"end":{"line":463,"column":188}},"164":{"start":{"line":470,"column":40},"end":{"line":499,"column":null}},"165":{"start":{"line":489,"column":67},"end":{"line":489,"column":null}},"166":{"start":{"line":496,"column":67},"end":{"line":496,"column":91}},"167":{"start":{"line":513,"column":214},"end":{"line":513,"column":243}},"168":{"start":{"line":514,"column":214},"end":{"line":514,"column":243}},"169":{"start":{"line":518,"column":36},"end":{"line":523,"column":null}},"170":{"start":{"line":543,"column":74},"end":{"line":543,"column":203}},"171":{"start":{"line":543,"column":87},"end":{"line":543,"column":200}},"172":{"start":{"line":545,"column":74},"end":{"line":545,"column":96}},"173":{"start":{"line":546,"column":76},"end":{"line":546,"column":100}},"174":{"start":{"line":547,"column":78},"end":{"line":547,"column":99}},"175":{"start":{"line":548,"column":77},"end":{"line":548,"column":98}},"176":{"start":{"line":548,"column":98},"end":{"line":548,"column":118}}},"fnMap":{"0":{"name":"(anonymous_0)","decl":{"start":{"line":25,"column":66},"end":{"line":25,"column":67}},"loc":{"start":{"line":27,"column":6},"end":{"line":557,"column":null}},"line":27},"1":{"name":"(anonymous_1)","decl":{"start":{"line":71,"column":37},"end":{"line":71,"column":43}},"loc":{"start":{"line":71,"column":43},"end":{"line":77,"column":7}},"line":71},"2":{"name":"(anonymous_2)","decl":{"start":{"line":71,"column":64},"end":{"line":71,"column":null}},"loc":{"start":{"line":72,"column":8},"end":{"line":76,"column":null}},"line":72},"3":{"name":"(anonymous_3)","decl":{"start":{"line":79,"column":25},"end":{"line":79,"column":26}},"loc":{"start":{"line":79,"column":41},"end":{"line":81,"column":null}},"line":79},"4":{"name":"(anonymous_4)","decl":{"start":{"line":80,"column":27},"end":{"line":80,"column":35}},"loc":{"start":{"line":80,"column":35},"end":{"line":80,"column":97}},"line":80},"5":{"name":"(anonymous_5)","decl":{"start":{"line":80,"column":67},"end":{"line":80,"column":72}},"loc":{"start":{"line":80,"column":72},"end":{"line":80,"column":80}},"line":80},"6":{"name":"(anonymous_6)","decl":{"start":{"line":91,"column":36},"end":{"line":91,"column":48}},"loc":{"start":{"line":91,"column":48},"end":{"line":105,"column":null}},"line":91},"7":{"name":"(anonymous_7)","decl":{"start":{"line":107,"column":38},"end":{"line":107,"column":50}},"loc":{"start":{"line":107,"column":50},"end":{"line":117,"column":null}},"line":107},"8":{"name":"(anonymous_8)","decl":{"start":{"line":119,"column":37},"end":{"line":119,"column":49}},"loc":{"start":{"line":119,"column":49},"end":{"line":148,"column":null}},"line":119},"9":{"name":"(anonymous_9)","decl":{"start":{"line":121,"column":20},"end":{"line":121,"column":26}},"loc":{"start":{"line":121,"column":26},"end":{"line":121,"column":57}},"line":121},"10":{"name":"(anonymous_10)","decl":{"start":{"line":122,"column":17},"end":{"line":122,"column":23}},"loc":{"start":{"line":122,"column":23},"end":{"line":122,"column":33}},"line":122},"11":{"name":"(anonymous_11)","decl":{"start":{"line":133,"column":30},"end":{"line":133,"column":35}},"loc":{"start":{"line":133,"column":35},"end":{"line":133,"column":53}},"line":133},"12":{"name":"(anonymous_12)","decl":{"start":{"line":138,"column":40},"end":{"line":138,"column":41}},"loc":{"start":{"line":138,"column":51},"end":{"line":138,"column":79}},"line":138},"13":{"name":"(anonymous_13)","decl":{"start":{"line":150,"column":25},"end":{"line":150,"column":31}},"loc":{"start":{"line":150,"column":31},"end":{"line":156,"column":null}},"line":150},"14":{"name":"(anonymous_14)","decl":{"start":{"line":158,"column":27},"end":{"line":158,"column":28}},"loc":{"start":{"line":158,"column":58},"end":{"line":160,"column":null}},"line":158},"15":{"name":"(anonymous_15)","decl":{"start":{"line":159,"column":23},"end":{"line":159,"column":31}},"loc":{"start":{"line":159,"column":31},"end":{"line":159,"column":79}},"line":159},"16":{"name":"(anonymous_16)","decl":{"start":{"line":159,"column":40},"end":{"line":159,"column":45}},"loc":{"start":{"line":159,"column":45},"end":{"line":159,"column":78}},"line":159},"17":{"name":"(anonymous_17)","decl":{"start":{"line":162,"column":30},"end":{"line":162,"column":31}},"loc":{"start":{"line":162,"column":49},"end":{"line":166,"column":null}},"line":162},"18":{"name":"(anonymous_18)","decl":{"start":{"line":168,"column":30},"end":{"line":168,"column":36}},"loc":{"start":{"line":168,"column":36},"end":{"line":193,"column":null}},"line":168},"19":{"name":"(anonymous_19)","decl":{"start":{"line":172,"column":41},"end":{"line":172,"column":49}},"loc":{"start":{"line":172,"column":49},"end":{"line":189,"column":9}},"line":172},"20":{"name":"(anonymous_20)","decl":{"start":{"line":195,"column":27},"end":{"line":195,"column":39}},"loc":{"start":{"line":195,"column":39},"end":{"line":245,"column":null}},"line":195},"21":{"name":"(anonymous_21)","decl":{"start":{"line":247,"column":30},"end":{"line":247,"column":42}},"loc":{"start":{"line":247,"column":42},"end":{"line":298,"column":null}},"line":247},"22":{"name":"(anonymous_22)","decl":{"start":{"line":250,"column":48},"end":{"line":250,"column":null}},"loc":{"start":{"line":251,"column":16},"end":{"line":251,"column":null}},"line":251},"23":{"name":"(anonymous_23)","decl":{"start":{"line":255,"column":24},"end":{"line":255,"column":30}},"loc":{"start":{"line":255,"column":30},"end":{"line":255,"column":61}},"line":255},"24":{"name":"(anonymous_24)","decl":{"start":{"line":256,"column":21},"end":{"line":256,"column":27}},"loc":{"start":{"line":256,"column":27},"end":{"line":256,"column":90}},"line":256},"25":{"name":"(anonymous_25)","decl":{"start":{"line":259,"column":52},"end":{"line":259,"column":57}},"loc":{"start":{"line":259,"column":57},"end":{"line":259,"column":83}},"line":259},"26":{"name":"(anonymous_26)","decl":{"start":{"line":260,"column":52},"end":{"line":260,"column":57}},"loc":{"start":{"line":260,"column":57},"end":{"line":260,"column":80}},"line":260},"27":{"name":"(anonymous_27)","decl":{"start":{"line":300,"column":32},"end":{"line":300,"column":null}},"loc":{"start":{"line":301,"column":8},"end":{"line":318,"column":null}},"line":301},"28":{"name":"(anonymous_28)","decl":{"start":{"line":302,"column":83},"end":{"line":302,"column":84}},"loc":{"start":{"line":302,"column":99},"end":{"line":317,"column":13}},"line":302},"29":{"name":"(anonymous_29)","decl":{"start":{"line":339,"column":132},"end":{"line":339,"column":137}},"loc":{"start":{"line":339,"column":137},"end":{"line":339,"column":171}},"line":339},"30":{"name":"(anonymous_30)","decl":{"start":{"line":340,"column":61},"end":{"line":340,"column":66}},"loc":{"start":{"line":340,"column":66},"end":{"line":340,"column":104}},"line":340},"31":{"name":"(anonymous_31)","decl":{"start":{"line":345,"column":138},"end":{"line":345,"column":143}},"loc":{"start":{"line":345,"column":143},"end":{"line":345,"column":179}},"line":345},"32":{"name":"(anonymous_32)","decl":{"start":{"line":346,"column":70},"end":{"line":346,"column":75}},"loc":{"start":{"line":346,"column":75},"end":{"line":346,"column":113}},"line":346},"33":{"name":"(anonymous_33)","decl":{"start":{"line":358,"column":88},"end":{"line":358,"column":null}},"loc":{"start":{"line":359,"column":40},"end":{"line":366,"column":null}},"line":359},"34":{"name":"(anonymous_34)","decl":{"start":{"line":360,"column":145},"end":{"line":360,"column":151}},"loc":{"start":{"line":360,"column":151},"end":{"line":360,"column":172}},"line":360},"35":{"name":"(anonymous_35)","decl":{"start":{"line":379,"column":52},"end":{"line":379,"column":null}},"loc":{"start":{"line":380,"column":36},"end":{"line":387,"column":null}},"line":380},"36":{"name":"(anonymous_36)","decl":{"start":{"line":382,"column":49},"end":{"line":382,"column":55}},"loc":{"start":{"line":382,"column":55},"end":{"line":382,"column":null}},"line":382},"37":{"name":"(anonymous_37)","decl":{"start":{"line":382,"column":72},"end":{"line":382,"column":77}},"loc":{"start":{"line":382,"column":77},"end":{"line":382,"column":133}},"line":382},"38":{"name":"(anonymous_38)","decl":{"start":{"line":382,"column":104},"end":{"line":382,"column":109}},"loc":{"start":{"line":382,"column":109},"end":{"line":382,"column":118}},"line":382},"39":{"name":"(anonymous_39)","decl":{"start":{"line":392,"column":175},"end":{"line":392,"column":180}},"loc":{"start":{"line":392,"column":180},"end":{"line":392,"column":215}},"line":392},"40":{"name":"(anonymous_40)","decl":{"start":{"line":400,"column":176},"end":{"line":400,"column":181}},"loc":{"start":{"line":400,"column":181},"end":{"line":400,"column":215}},"line":400},"41":{"name":"(anonymous_41)","decl":{"start":{"line":416,"column":174},"end":{"line":416,"column":179}},"loc":{"start":{"line":416,"column":179},"end":{"line":416,"column":211}},"line":416},"42":{"name":"(anonymous_42)","decl":{"start":{"line":427,"column":49},"end":{"line":427,"column":55}},"loc":{"start":{"line":427,"column":55},"end":{"line":427,"column":null}},"line":427},"43":{"name":"(anonymous_43)","decl":{"start":{"line":437,"column":148},"end":{"line":437,"column":153}},"loc":{"start":{"line":437,"column":153},"end":{"line":437,"column":209}},"line":437},"44":{"name":"(anonymous_44)","decl":{"start":{"line":451,"column":45},"end":{"line":451,"column":51}},"loc":{"start":{"line":451,"column":51},"end":{"line":451,"column":null}},"line":451},"45":{"name":"(anonymous_45)","decl":{"start":{"line":459,"column":139},"end":{"line":459,"column":144}},"loc":{"start":{"line":459,"column":144},"end":{"line":459,"column":176}},"line":459},"46":{"name":"(anonymous_46)","decl":{"start":{"line":459,"column":217},"end":{"line":459,"column":222}},"loc":{"start":{"line":459,"column":222},"end":{"line":459,"column":259}},"line":459},"47":{"name":"(anonymous_47)","decl":{"start":{"line":463,"column":141},"end":{"line":463,"column":146}},"loc":{"start":{"line":463,"column":146},"end":{"line":463,"column":188}},"line":463},"48":{"name":"(anonymous_48)","decl":{"start":{"line":469,"column":53},"end":{"line":469,"column":54}},"loc":{"start":{"line":470,"column":40},"end":{"line":499,"column":null}},"line":470},"49":{"name":"(anonymous_49)","decl":{"start":{"line":489,"column":62},"end":{"line":489,"column":67}},"loc":{"start":{"line":489,"column":67},"end":{"line":489,"column":null}},"line":489},"50":{"name":"(anonymous_50)","decl":{"start":{"line":496,"column":61},"end":{"line":496,"column":67}},"loc":{"start":{"line":496,"column":67},"end":{"line":496,"column":91}},"line":496},"51":{"name":"(anonymous_51)","decl":{"start":{"line":513,"column":209},"end":{"line":513,"column":214}},"loc":{"start":{"line":513,"column":214},"end":{"line":513,"column":243}},"line":513},"52":{"name":"(anonymous_52)","decl":{"start":{"line":514,"column":209},"end":{"line":514,"column":214}},"loc":{"start":{"line":514,"column":214},"end":{"line":514,"column":243}},"line":514},"53":{"name":"(anonymous_53)","decl":{"start":{"line":517,"column":53},"end":{"line":517,"column":54}},"loc":{"start":{"line":518,"column":36},"end":{"line":523,"column":null}},"line":518},"54":{"name":"(anonymous_54)","decl":{"start":{"line":543,"column":68},"end":{"line":543,"column":74}},"loc":{"start":{"line":543,"column":74},"end":{"line":543,"column":203}},"line":543},"55":{"name":"(anonymous_55)","decl":{"start":{"line":543,"column":82},"end":{"line":543,"column":87}},"loc":{"start":{"line":543,"column":87},"end":{"line":543,"column":200}},"line":543},"56":{"name":"(anonymous_56)","decl":{"start":{"line":545,"column":68},"end":{"line":545,"column":74}},"loc":{"start":{"line":545,"column":74},"end":{"line":545,"column":96}},"line":545},"57":{"name":"(anonymous_57)","decl":{"start":{"line":546,"column":70},"end":{"line":546,"column":76}},"loc":{"start":{"line":546,"column":76},"end":{"line":546,"column":100}},"line":546},"58":{"name":"(anonymous_58)","decl":{"start":{"line":547,"column":72},"end":{"line":547,"column":78}},"loc":{"start":{"line":547,"column":78},"end":{"line":547,"column":99}},"line":547},"59":{"name":"(anonymous_59)","decl":{"start":{"line":548,"column":69},"end":{"line":548,"column":75}},"loc":{"start":{"line":548,"column":75},"end":{"line":548,"column":121}},"line":548}},"branchMap":{"0":{"loc":{"start":{"line":31,"column":63},"end":{"line":31,"column":83}},"type":"binary-expr","locations":[{"start":{"line":31,"column":63},"end":{"line":31,"column":81}},{"start":{"line":31,"column":81},"end":{"line":31,"column":83}}],"line":31},"1":{"loc":{"start":{"line":32,"column":67},"end":{"line":32,"column":96}},"type":"binary-expr","locations":[{"start":{"line":32,"column":67},"end":{"line":32,"column":94}},{"start":{"line":32,"column":94},"end":{"line":32,"column":96}}],"line":32},"2":{"loc":{"start":{"line":60,"column":10},"end":{"line":60,"column":null}},"type":"cond-expr","locations":[{"start":{"line":60,"column":49},"end":{"line":60,"column":80}},{"start":{"line":60,"column":76},"end":{"line":60,"column":null}}],"line":60},"3":{"loc":{"start":{"line":72,"column":8},"end":{"line":76,"column":null}},"type":"binary-expr","locations":[{"start":{"line":72,"column":8},"end":{"line":72,"column":null}},{"start":{"line":73,"column":8},"end":{"line":73,"column":null}},{"start":{"line":74,"column":8},"end":{"line":74,"column":null}},{"start":{"line":75,"column":8},"end":{"line":75,"column":null}},{"start":{"line":76,"column":8},"end":{"line":76,"column":null}}],"line":72},"4":{"loc":{"start":{"line":80,"column":35},"end":{"line":80,"column":97}},"type":"cond-expr","locations":[{"start":{"line":80,"column":55},"end":{"line":80,"column":84}},{"start":{"line":80,"column":84},"end":{"line":80,"column":97}}],"line":80},"5":{"loc":{"start":{"line":110,"column":73},"end":{"line":110,"column":107}},"type":"binary-expr","locations":[{"start":{"line":110,"column":73},"end":{"line":110,"column":90}},{"start":{"line":110,"column":90},"end":{"line":110,"column":107}}],"line":110},"6":{"loc":{"start":{"line":125,"column":8},"end":{"line":128,"column":null}},"type":"if","locations":[{"start":{"line":125,"column":8},"end":{"line":128,"column":null}},{"start":{},"end":{}}],"line":125},"7":{"loc":{"start":{"line":137,"column":12},"end":{"line":141,"column":null}},"type":"if","locations":[{"start":{"line":137,"column":12},"end":{"line":141,"column":null}},{"start":{"line":139,"column":19},"end":{"line":141,"column":null}}],"line":137},"8":{"loc":{"start":{"line":151,"column":8},"end":{"line":151,"column":null}},"type":"if","locations":[{"start":{"line":151,"column":8},"end":{"line":151,"column":null}},{"start":{},"end":{}}],"line":151},"9":{"loc":{"start":{"line":159,"column":45},"end":{"line":159,"column":78}},"type":"cond-expr","locations":[{"start":{"line":159,"column":59},"end":{"line":159,"column":77}},{"start":{"line":159,"column":77},"end":{"line":159,"column":78}}],"line":159},"10":{"loc":{"start":{"line":180,"column":12},"end":{"line":182,"column":null}},"type":"if","locations":[{"start":{"line":180,"column":12},"end":{"line":182,"column":null}},{"start":{},"end":{}}],"line":180},"11":{"loc":{"start":{"line":180,"column":16},"end":{"line":180,"column":75}},"type":"binary-expr","locations":[{"start":{"line":180,"column":16},"end":{"line":180,"column":45}},{"start":{"line":180,"column":45},"end":{"line":180,"column":75}}],"line":180},"12":{"loc":{"start":{"line":308,"column":16},"end":{"line":309,"column":null}},"type":"if","locations":[{"start":{"line":308,"column":16},"end":{"line":309,"column":null}},{"start":{"line":308,"column":45},"end":{"line":309,"column":null}}],"line":308},"13":{"loc":{"start":{"line":308,"column":45},"end":{"line":309,"column":null}},"type":"if","locations":[{"start":{"line":308,"column":45},"end":{"line":309,"column":null}},{"start":{},"end":{}}],"line":308},"14":{"loc":{"start":{"line":314,"column":25},"end":{"line":314,"column":null}},"type":"binary-expr","locations":[{"start":{"line":314,"column":25},"end":{"line":314,"column":36}},{"start":{"line":314,"column":36},"end":{"line":314,"column":null}}],"line":314},"15":{"loc":{"start":{"line":314,"column":72},"end":{"line":314,"column":97}},"type":"cond-expr","locations":[{"start":{"line":314,"column":81},"end":{"line":314,"column":95}},{"start":{"line":314,"column":95},"end":{"line":314,"column":97}}],"line":314},"16":{"loc":{"start":{"line":332,"column":21},"end":{"line":372,"column":null}},"type":"binary-expr","locations":[{"start":{"line":332,"column":21},"end":{"line":332,"column":null}},{"start":{"line":333,"column":24},"end":{"line":372,"column":null}}],"line":332},"17":{"loc":{"start":{"line":358,"column":37},"end":{"line":368,"column":null}},"type":"cond-expr","locations":[{"start":{"line":358,"column":67},"end":{"line":367,"column":null}},{"start":{"line":368,"column":40},"end":{"line":368,"column":null}}],"line":358},"18":{"loc":{"start":{"line":362,"column":49},"end":{"line":362,"column":null}},"type":"binary-expr","locations":[{"start":{"line":362,"column":49},"end":{"line":362,"column":84}},{"start":{"line":362,"column":84},"end":{"line":362,"column":null}}],"line":362},"19":{"loc":{"start":{"line":375,"column":21},"end":{"line":403,"column":null}},"type":"binary-expr","locations":[{"start":{"line":375,"column":21},"end":{"line":375,"column":null}},{"start":{"line":376,"column":24},"end":{"line":403,"column":null}}],"line":375},"20":{"loc":{"start":{"line":382,"column":77},"end":{"line":382,"column":133}},"type":"cond-expr","locations":[{"start":{"line":382,"column":95},"end":{"line":382,"column":122}},{"start":{"line":382,"column":122},"end":{"line":382,"column":133}}],"line":382},"21":{"loc":{"start":{"line":383,"column":65},"end":{"line":383,"column":108}},"type":"cond-expr","locations":[{"start":{"line":383,"column":95},"end":{"line":383,"column":106}},{"start":{"line":383,"column":106},"end":{"line":383,"column":108}}],"line":383},"22":{"loc":{"start":{"line":395,"column":33},"end":{"line":395,"column":null}},"type":"cond-expr","locations":[{"start":{"line":395,"column":51},"end":{"line":395,"column":114}},{"start":{"line":395,"column":114},"end":{"line":395,"column":null}}],"line":395},"23":{"loc":{"start":{"line":397,"column":29},"end":{"line":401,"column":null}},"type":"binary-expr","locations":[{"start":{"line":397,"column":29},"end":{"line":397,"column":null}},{"start":{"line":398,"column":32},"end":{"line":401,"column":null}}],"line":397},"24":{"loc":{"start":{"line":406,"column":21},"end":{"line":418,"column":null}},"type":"binary-expr","locations":[{"start":{"line":406,"column":21},"end":{"line":406,"column":null}},{"start":{"line":407,"column":24},"end":{"line":418,"column":null}}],"line":406},"25":{"loc":{"start":{"line":413,"column":41},"end":{"line":413,"column":null}},"type":"cond-expr","locations":[{"start":{"line":413,"column":61},"end":{"line":413,"column":120}},{"start":{"line":413,"column":120},"end":{"line":413,"column":null}}],"line":413},"26":{"loc":{"start":{"line":421,"column":21},"end":{"line":506,"column":null}},"type":"binary-expr","locations":[{"start":{"line":421,"column":21},"end":{"line":421,"column":null}},{"start":{"line":422,"column":24},"end":{"line":506,"column":null}}],"line":421},"27":{"loc":{"start":{"line":439,"column":89},"end":{"line":439,"column":145}},"type":"binary-expr","locations":[{"start":{"line":439,"column":89},"end":{"line":439,"column":115}},{"start":{"line":439,"column":115},"end":{"line":439,"column":145}}],"line":439},"28":{"loc":{"start":{"line":440,"column":41},"end":{"line":440,"column":null}},"type":"cond-expr","locations":[{"start":{"line":440,"column":64},"end":{"line":440,"column":132}},{"start":{"line":440,"column":132},"end":{"line":440,"column":null}}],"line":440},"29":{"loc":{"start":{"line":445,"column":29},"end":{"line":453,"column":null}},"type":"binary-expr","locations":[{"start":{"line":445,"column":29},"end":{"line":445,"column":null}},{"start":{"line":446,"column":32},"end":{"line":453,"column":null}}],"line":445},"30":{"loc":{"start":{"line":459,"column":222},"end":{"line":459,"column":259}},"type":"binary-expr","locations":[{"start":{"line":459,"column":222},"end":{"line":459,"column":243}},{"start":{"line":459,"column":243},"end":{"line":459,"column":259}}],"line":459},"31":{"loc":{"start":{"line":467,"column":29},"end":{"line":504,"column":null}},"type":"cond-expr","locations":[{"start":{"line":467,"column":52},"end":{"line":467,"column":null}},{"start":{"line":468,"column":32},"end":{"line":504,"column":null}}],"line":467},"32":{"loc":{"start":{"line":480,"column":116},"end":{"line":480,"column":139}},"type":"binary-expr","locations":[{"start":{"line":480,"column":116},"end":{"line":480,"column":129}},{"start":{"line":480,"column":129},"end":{"line":480,"column":139}}],"line":480},"33":{"loc":{"start":{"line":501,"column":37},"end":{"line":502,"column":null}},"type":"binary-expr","locations":[{"start":{"line":501,"column":37},"end":{"line":501,"column":null}},{"start":{"line":502,"column":40},"end":{"line":502,"column":null}}],"line":501},"34":{"loc":{"start":{"line":509,"column":21},"end":{"line":526,"column":null}},"type":"binary-expr","locations":[{"start":{"line":509,"column":21},"end":{"line":509,"column":null}},{"start":{"line":510,"column":24},"end":{"line":526,"column":null}}],"line":509},"35":{"loc":{"start":{"line":519,"column":131},"end":{"line":519,"column":178}},"type":"cond-expr","locations":[{"start":{"line":519,"column":153},"end":{"line":519,"column":166}},{"start":{"line":519,"column":166},"end":{"line":519,"column":178}}],"line":519},"36":{"loc":{"start":{"line":529,"column":21},"end":{"line":536,"column":null}},"type":"binary-expr","locations":[{"start":{"line":529,"column":21},"end":{"line":529,"column":null}},{"start":{"line":530,"column":24},"end":{"line":536,"column":null}}],"line":529},"37":{"loc":{"start":{"line":534,"column":33},"end":{"line":534,"column":null}},"type":"cond-expr","locations":[{"start":{"line":534,"column":52},"end":{"line":534,"column":116}},{"start":{"line":534,"column":116},"end":{"line":534,"column":null}}],"line":534},"38":{"loc":{"start":{"line":541,"column":21},"end":{"line":550,"column":null}},"type":"binary-expr","locations":[{"start":{"line":541,"column":21},"end":{"line":541,"column":null}},{"start":{"line":542,"column":24},"end":{"line":550,"column":null}}],"line":541},"39":{"loc":{"start":{"line":543,"column":29},"end":{"line":543,"column":null}},"type":"binary-expr","locations":[{"start":{"line":543,"column":29},"end":{"line":543,"column":51}},{"start":{"line":543,"column":51},"end":{"line":543,"column":null}}],"line":543},"40":{"loc":{"start":{"line":543,"column":87},"end":{"line":543,"column":200}},"type":"cond-expr","locations":[{"start":{"line":543,"column":107},"end":{"line":543,"column":119}},{"start":{"line":543,"column":119},"end":{"line":543,"column":200}}],"line":543},"41":{"loc":{"start":{"line":543,"column":119},"end":{"line":543,"column":200}},"type":"cond-expr","locations":[{"start":{"line":543,"column":141},"end":{"line":543,"column":155}},{"start":{"line":543,"column":155},"end":{"line":543,"column":200}}],"line":543},"42":{"loc":{"start":{"line":543,"column":155},"end":{"line":543,"column":200}},"type":"cond-expr","locations":[{"start":{"line":543,"column":174},"end":{"line":543,"column":190}},{"start":{"line":543,"column":190},"end":{"line":543,"column":200}}],"line":543},"43":{"loc":{"start":{"line":545,"column":29},"end":{"line":545,"column":null}},"type":"binary-expr","locations":[{"start":{"line":545,"column":29},"end":{"line":545,"column":51}},{"start":{"line":545,"column":51},"end":{"line":545,"column":null}}],"line":545},"44":{"loc":{"start":{"line":546,"column":29},"end":{"line":546,"column":null}},"type":"binary-expr","locations":[{"start":{"line":546,"column":29},"end":{"line":546,"column":53}},{"start":{"line":546,"column":53},"end":{"line":546,"column":null}}],"line":546},"45":{"loc":{"start":{"line":547,"column":29},"end":{"line":547,"column":null}},"type":"binary-expr","locations":[{"start":{"line":547,"column":29},"end":{"line":547,"column":55}},{"start":{"line":547,"column":55},"end":{"line":547,"column":null}}],"line":547},"46":{"loc":{"start":{"line":548,"column":29},"end":{"line":548,"column":null}},"type":"binary-expr","locations":[{"start":{"line":548,"column":29},"end":{"line":548,"column":52}},{"start":{"line":548,"column":52},"end":{"line":548,"column":null}}],"line":548},"47":{"loc":{"start":{"line":549,"column":29},"end":{"line":549,"column":null}},"type":"binary-expr","locations":[{"start":{"line":549,"column":29},"end":{"line":549,"column":51}},{"start":{"line":549,"column":51},"end":{"line":549,"column":null}}],"line":549},"48":{"loc":{"start":{"line":549,"column":205},"end":{"line":549,"column":275}},"type":"cond-expr","locations":[{"start":{"line":549,"column":224},"end":{"line":549,"column":264}},{"start":{"line":549,"column":264},"end":{"line":549,"column":275}}],"line":549},"49":{"loc":{"start":{"line":552,"column":21},"end":{"line":552,"column":null}},"type":"binary-expr","locations":[{"start":{"line":552,"column":21},"end":{"line":552,"column":44}},{"start":{"line":552,"column":44},"end":{"line":552,"column":null}}],"line":552}},"s":{"0":1,"1":58,"2":58,"3":58,"4":58,"5":58,"6":58,"7":58,"8":58,"9":58,"10":58,"11":58,"12":58,"13":58,"14":58,"15":58,"16":58,"17":58,"18":58,"19":58,"20":58,"21":58,"22":58,"23":11,"24":11,"25":58,"26":0,"27":0,"28":0,"29":58,"30":58,"31":2,"32":2,"33":2,"34":2,"35":0,"36":2,"37":58,"38":1,"39":1,"40":1,"41":1,"42":0,"43":1,"44":58,"45":0,"46":0,"47":0,"48":0,"49":0,"50":0,"51":0,"52":0,"53":0,"54":0,"55":0,"56":0,"57":0,"58":0,"59":0,"60":0,"61":0,"62":0,"63":0,"64":58,"65":4,"66":0,"67":4,"68":4,"69":4,"70":4,"71":58,"72":0,"73":0,"74":0,"75":58,"76":0,"77":0,"78":0,"79":58,"80":3,"81":3,"82":3,"83":3,"84":3,"85":3,"86":3,"87":0,"88":3,"89":3,"90":3,"91":58,"92":2,"93":2,"94":2,"95":2,"96":2,"97":2,"98":2,"99":2,"100":2,"101":14,"102":2,"103":2,"104":2,"105":2,"106":0,"107":0,"108":2,"109":58,"110":1,"111":1,"112":1,"113":1,"114":1,"115":1,"116":0,"117":1,"118":1,"119":1,"120":1,"121":1,"122":1,"123":1,"124":1,"125":1,"126":1,"127":1,"128":1,"129":1,"130":1,"131":0,"132":1,"133":58,"134":58,"135":348,"136":348,"137":348,"138":348,"139":348,"140":58,"141":290,"142":110,"143":348,"144":58,"145":0,"146":22,"147":0,"148":22,"149":11,"150":0,"151":160,"152":2,"153":2,"154":0,"155":0,"156":0,"157":0,"158":0,"159":0,"160":0,"161":4,"162":0,"163":0,"164":4,"165":0,"166":0,"167":0,"168":0,"169":3,"170":0,"171":0,"172":10,"173":8,"174":6,"175":3,"176":3},"f":{"0":58,"1":11,"2":11,"3":0,"4":0,"5":0,"6":2,"7":1,"8":0,"9":0,"10":0,"11":0,"12":0,"13":4,"14":0,"15":0,"16":0,"17":0,"18":3,"19":3,"20":2,"21":1,"22":1,"23":1,"24":0,"25":1,"26":1,"27":58,"28":348,"29":0,"30":22,"31":0,"32":22,"33":11,"34":0,"35":160,"36":2,"37":2,"38":0,"39":0,"40":0,"41":0,"42":0,"43":0,"44":0,"45":4,"46":0,"47":0,"48":4,"49":0,"50":0,"51":0,"52":0,"53":3,"54":0,"55":0,"56":10,"57":8,"58":6,"59":3},"b":{"0":[58,0],"1":[58,0],"2":[58,0],"3":[11,0,0,0,0],"4":[0,0],"5":[1,0],"6":[0,0],"7":[0,0],"8":[0,4],"9":[0,0],"10":[0,3],"11":[3,3],"12":[58,290],"13":[110,180],"14":[348,290],"15":[110,180],"16":[58,11],"17":[11,0],"18":[11,0],"19":[58,16],"20":[0,2],"21":[6,154],"22":[2,14],"23":[16,2],"24":[58,10],"25":[1,9],"26":[58,14],"27":[14,14],"28":[0,14],"29":[14,0],"30":[0,0],"31":[0,14],"32":[4,0],"33":[14,10],"34":[58,3],"35":[0,3],"36":[58,4],"37":[1,3],"38":[58,54],"39":[54,43],"40":[0,0],"41":[0,0],"42":[0,0],"43":[54,11],"44":[54,16],"45":[54,10],"46":[54,14],"47":[54,3],"48":[0,3],"49":[58,4]},"meta":{"lastBranch":50,"lastFunction":60,"lastStatement":177,"seen":{"s:25:66:557:Infinity":0,"f:25:66:25:67":0,"s:28:24:28:Infinity":1,"s:31:42:31:Infinity":2,"b:31:63:31:81:31:81:31:83":0,"s:32:46:32:Infinity":3,"b:32:67:32:94:32:94:32:96":1,"s:33:46:33:Infinity":4,"s:36:42:36:Infinity":5,"s:37:44:37:Infinity":6,"s:38:42:38:Infinity":7,"s:39:46:39:Infinity":8,"s:42:38:42:Infinity":9,"s:43:50:43:Infinity":10,"s:52:38:52:Infinity":11,"s:53:38:53:Infinity":12,"s:54:38:54:Infinity":13,"s:55:40:55:Infinity":14,"s:56:56:56:Infinity":15,"s:57:48:57:Infinity":16,"s:60:10:60:Infinity":17,"b:60:49:60:80:60:76:60:Infinity":2,"s:61:32:61:Infinity":18,"s:62:32:62:Infinity":19,"s:65:46:65:Infinity":20,"s:68:48:68:Infinity":21,"s:71:10:77:Infinity":22,"f:71:37:71:43":1,"s:71:43:77:7":23,"f:71:64:71:Infinity":2,"s:72:8:76:Infinity":24,"b:72:8:72:Infinity:73:8:73:Infinity:74:8:74:Infinity:75:8:75:Infinity:76:8:76:Infinity":3,"s:79:25:81:Infinity":25,"f:79:25:79:26":3,"s:80:8:80:Infinity":26,"f:80:27:80:35":4,"s:80:35:80:97":27,"b:80:55:80:84:80:84:80:97":4,"f:80:67:80:72":5,"s:80:72:80:80":28,"s:83:27:87:Infinity":29,"s:91:36:105:Infinity":30,"f:91:36:91:48":6,"s:92:8:92:Infinity":31,"s:93:8:104:Infinity":32,"s:94:25:98:Infinity":33,"s:99:12:99:Infinity":34,"s:101:12:101:Infinity":35,"s:103:12:103:Infinity":36,"s:107:38:117:Infinity":37,"f:107:38:107:50":7,"s:108:8:108:Infinity":38,"s:109:8:116:Infinity":39,"s:110:25:110:Infinity":40,"b:110:73:110:90:110:90:110:107":5,"s:111:12:111:Infinity":41,"s:113:12:113:Infinity":42,"s:115:12:115:Infinity":43,"s:119:37:148:Infinity":44,"f:119:37:119:49":8,"s:120:26:123:Infinity":45,"f:121:20:121:26":9,"s:121:26:121:57":46,"f:122:17:122:23":10,"s:122:23:122:33":47,"b:125:8:128:Infinity:undefined:undefined:undefined:undefined":6,"s:125:8:128:Infinity":48,"s:126:12:126:Infinity":49,"s:127:12:127:Infinity":50,"s:130:8:130:Infinity":51,"s:131:8:147:Infinity":52,"s:133:12:133:Infinity":53,"f:133:30:133:35":11,"s:133:35:133:53":54,"s:134:12:134:Infinity":55,"s:136:25:136:Infinity":56,"b:137:12:141:Infinity:139:19:141:Infinity":7,"s:137:12:141:Infinity":57,"s:138:16:138:Infinity":58,"f:138:40:138:41":12,"s:138:51:138:79":59,"s:140:16:140:Infinity":60,"s:143:12:143:Infinity":61,"s:144:12:144:Infinity":62,"s:146:12:146:Infinity":63,"s:150:25:156:Infinity":64,"f:150:25:150:31":13,"b:151:8:151:Infinity:undefined:undefined:undefined:undefined":8,"s:151:8:151:Infinity":65,"s:151:33:151:Infinity":66,"s:152:22:152:Infinity":67,"s:153:8:153:Infinity":68,"s:154:8:154:Infinity":69,"s:155:8:155:Infinity":70,"s:158:27:160:Infinity":71,"f:158:27:158:28":14,"s:159:8:159:Infinity":72,"f:159:23:159:31":15,"s:159:31:159:79":73,"f:159:40:159:45":16,"s:159:45:159:78":74,"b:159:59:159:77:159:77:159:78":9,"s:162:30:166:Infinity":75,"f:162:30:162:31":17,"s:163:21:163:Infinity":76,"s:164:8:164:Infinity":77,"s:165:8:165:Infinity":78,"s:168:30:193:Infinity":79,"f:168:30:168:36":18,"s:170:26:170:Infinity":80,"s:172:25:189:Infinity":81,"f:172:41:172:49":19,"s:173:37:173:Infinity":82,"s:174:32:174:Infinity":83,"s:176:30:176:Infinity":84,"s:177:12:177:Infinity":85,"b:180:12:182:Infinity:undefined:undefined:undefined:undefined":10,"s:180:12:182:Infinity":86,"b:180:16:180:45:180:45:180:75":11,"s:181:16:181:Infinity":87,"s:184:12:188:Infinity":88,"s:191:8:191:Infinity":89,"s:192:8:192:Infinity":90,"s:195:27:245:Infinity":91,"f:195:27:195:39":20,"s:196:8:196:Infinity":92,"s:197:8:244:Infinity":93,"s:198:12:233:Infinity":94,"s:199:36:216:Infinity":95,"s:217:16:217:Infinity":96,"s:220:35:220:Infinity":97,"s:221:46:221:Infinity":98,"s:222:16:231:Infinity":99,"s:222:26:222:29":100,"s:223:20:230:Infinity":101,"s:232:16:232:Infinity":102,"s:235:12:235:Infinity":103,"s:236:12:236:Infinity":104,"s:238:12:238:Infinity":105,"s:240:12:240:Infinity":106,"s:241:12:241:Infinity":107,"s:243:12:243:Infinity":108,"s:247:30:298:Infinity":109,"f:247:30:247:42":21,"s:248:8:248:Infinity":110,"s:249:8:297:Infinity":111,"s:250:28:252:Infinity":112,"f:250:48:250:Infinity":22,"s:251:16:251:Infinity":113,"s:254:30:257:Infinity":114,"f:255:24:255:30":23,"s:255:30:255:61":115,"f:256:21:256:27":24,"s:256:27:256:90":116,"s:259:36:259:Infinity":117,"f:259:52:259:57":25,"s:259:57:259:83":118,"s:260:29:260:Infinity":119,"f:260:52:260:57":26,"s:260:57:260:80":120,"s:261:26:261:Infinity":121,"s:262:30:262:Infinity":122,"s:264:12:264:Infinity":123,"s:265:32:276:Infinity":124,"s:278:25:278:Infinity":125,"s:279:29:279:Infinity":126,"s:281:38:288:Infinity":127,"s:289:12:289:Infinity":128,"s:290:12:290:Infinity":129,"s:292:12:292:Infinity":130,"s:294:12:294:Infinity":131,"s:296:12:296:Infinity":132,"s:300:32:318:Infinity":133,"f:300:32:300:Infinity":27,"s:301:8:318:Infinity":134,"f:302:83:302:84":28,"s:303:46:303:Infinity":135,"s:304:33:304:Infinity":136,"s:305:31:305:Infinity":137,"s:307:34:307:Infinity":138,"b:308:16:309:Infinity:308:45:309:Infinity":12,"s:308:16:309:Infinity":139,"s:308:30:308:Infinity":140,"b:308:45:309:Infinity:undefined:undefined:undefined:undefined":13,"s:308:45:309:Infinity":141,"s:309:33:309:Infinity":142,"s:311:16:315:Infinity":143,"b:314:25:314:36:314:36:314:Infinity":14,"b:314:81:314:95:314:95:314:97":15,"s:321:4:555:Infinity":144,"b:332:21:332:Infinity:333:24:372:Infinity":16,"f:339:132:339:137":29,"s:339:137:339:171":145,"f:340:61:340:66":30,"s:340:66:340:104":146,"f:345:138:345:143":31,"s:345:143:345:179":147,"f:346:70:346:75":32,"s:346:75:346:113":148,"b:358:67:367:Infinity:368:40:368:Infinity":17,"f:358:88:358:Infinity":33,"s:359:40:366:Infinity":149,"f:360:145:360:151":34,"s:360:151:360:172":150,"b:362:49:362:84:362:84:362:Infinity":18,"b:375:21:375:Infinity:376:24:403:Infinity":19,"f:379:52:379:Infinity":35,"s:380:36:387:Infinity":151,"f:382:49:382:55":36,"s:382:55:382:Infinity":152,"f:382:72:382:77":37,"s:382:77:382:133":153,"b:382:95:382:122:382:122:382:133":20,"f:382:104:382:109":38,"s:382:109:382:118":154,"b:383:95:383:106:383:106:383:108":21,"f:392:175:392:180":39,"s:392:180:392:215":155,"b:395:51:395:114:395:114:395:Infinity":22,"b:397:29:397:Infinity:398:32:401:Infinity":23,"f:400:176:400:181":40,"s:400:181:400:215":156,"b:406:21:406:Infinity:407:24:418:Infinity":24,"b:413:61:413:120:413:120:413:Infinity":25,"f:416:174:416:179":41,"s:416:179:416:211":157,"b:421:21:421:Infinity:422:24:506:Infinity":26,"f:427:49:427:55":42,"s:427:55:427:Infinity":158,"f:437:148:437:153":43,"s:437:153:437:209":159,"b:439:89:439:115:439:115:439:145":27,"b:440:64:440:132:440:132:440:Infinity":28,"b:445:29:445:Infinity:446:32:453:Infinity":29,"f:451:45:451:51":44,"s:451:51:451:Infinity":160,"f:459:139:459:144":45,"s:459:144:459:176":161,"f:459:217:459:222":46,"s:459:222:459:259":162,"b:459:222:459:243:459:243:459:259":30,"f:463:141:463:146":47,"s:463:146:463:188":163,"b:467:52:467:Infinity:468:32:504:Infinity":31,"f:469:53:469:54":48,"s:470:40:499:Infinity":164,"b:480:116:480:129:480:129:480:139":32,"f:489:62:489:67":49,"s:489:67:489:Infinity":165,"f:496:61:496:67":50,"s:496:67:496:91":166,"b:501:37:501:Infinity:502:40:502:Infinity":33,"b:509:21:509:Infinity:510:24:526:Infinity":34,"f:513:209:513:214":51,"s:513:214:513:243":167,"f:514:209:514:214":52,"s:514:214:514:243":168,"f:517:53:517:54":53,"s:518:36:523:Infinity":169,"b:519:153:519:166:519:166:519:178":35,"b:529:21:529:Infinity:530:24:536:Infinity":36,"b:534:52:534:116:534:116:534:Infinity":37,"b:541:21:541:Infinity:542:24:550:Infinity":38,"b:543:29:543:51:543:51:543:Infinity":39,"f:543:68:543:74":54,"s:543:74:543:203":170,"f:543:82:543:87":55,"s:543:87:543:200":171,"b:543:107:543:119:543:119:543:200":40,"b:543:141:543:155:543:155:543:200":41,"b:543:174:543:190:543:190:543:200":42,"b:545:29:545:51:545:51:545:Infinity":43,"f:545:68:545:74":56,"s:545:74:545:96":172,"b:546:29:546:53:546:53:546:Infinity":44,"f:546:70:546:76":57,"s:546:76:546:100":173,"b:547:29:547:55:547:55:547:Infinity":45,"f:547:72:547:78":58,"s:547:78:547:99":174,"b:548:29:548:52:548:52:548:Infinity":46,"f:548:69:548:75":59,"s:548:77:548:98":175,"s:548:98:548:118":176,"b:549:29:549:51:549:51:549:Infinity":47,"b:549:224:549:264:549:264:549:275":48,"b:552:21:552:44:552:44:552:Infinity":49}}}
,"C:\\Users\\anton\\DocenteDocAI-Flowise\\docentedoc-ai\\src\\components\\Avatar.tsx": {"path":"C:\\Users\\anton\\DocenteDocAI-Flowise\\docentedoc-ai\\src\\components\\Avatar.tsx","statementMap":{"0":{"start":{"line":13,"column":45},"end":{"line":53,"column":null}},"1":{"start":{"line":14,"column":21},"end":{"line":14,"column":null}},"2":{"start":{"line":15,"column":21},"end":{"line":15,"column":null}},"3":{"start":{"line":16,"column":24},"end":{"line":16,"column":null}},"4":{"start":{"line":18,"column":19},"end":{"line":18,"column":null}},"5":{"start":{"line":19,"column":4},"end":{"line":28,"column":null}},"6":{"start":{"line":20,"column":8},"end":{"line":20,"column":null}},"7":{"start":{"line":22,"column":22},"end":{"line":22,"column":null}},"8":{"start":{"line":23,"column":8},"end":{"line":27,"column":null}},"9":{"start":{"line":24,"column":12},"end":{"line":24,"column":null}},"10":{"start":{"line":26,"column":12},"end":{"line":26,"column":null}},"11":{"start":{"line":30,"column":4},"end":{"line":30,"column":null}},"12":{"start":{"line":32,"column":24},"end":{"line":37,"column":null}},"13":{"start":{"line":39,"column":4},"end":{"line":51,"column":null}}},"fnMap":{"0":{"name":"(anonymous_0)","decl":{"start":{"line":13,"column":45},"end":{"line":13,"column":46}},"loc":{"start":{"line":13,"column":115},"end":{"line":53,"column":null}},"line":13}},"branchMap":{"0":{"loc":{"start":{"line":13,"column":68},"end":{"line":13,"column":85}},"type":"default-arg","locations":[{"start":{"line":13,"column":75},"end":{"line":13,"column":85}}],"line":13},"1":{"loc":{"start":{"line":13,"column":85},"end":{"line":13,"column":101}},"type":"default-arg","locations":[{"start":{"line":13,"column":97},"end":{"line":13,"column":101}}],"line":13},"2":{"loc":{"start":{"line":14,"column":21},"end":{"line":14,"column":null}},"type":"cond-expr","locations":[{"start":{"line":14,"column":31},"end":{"line":14,"column":54}},{"start":{"line":14,"column":54},"end":{"line":14,"column":null}}],"line":14},"3":{"loc":{"start":{"line":15,"column":21},"end":{"line":15,"column":null}},"type":"cond-expr","locations":[{"start":{"line":15,"column":28},"end":{"line":15,"column":42}},{"start":{"line":15,"column":42},"end":{"line":15,"column":null}}],"line":15},"4":{"loc":{"start":{"line":16,"column":24},"end":{"line":16,"column":null}},"type":"cond-expr","locations":[{"start":{"line":16,"column":34},"end":{"line":16,"column":51}},{"start":{"line":16,"column":51},"end":{"line":16,"column":null}}],"line":16},"5":{"loc":{"start":{"line":19,"column":4},"end":{"line":28,"column":null}},"type":"if","locations":[{"start":{"line":19,"column":4},"end":{"line":28,"column":null}},{"start":{"line":21,"column":11},"end":{"line":28,"column":null}}],"line":19},"6":{"loc":{"start":{"line":23,"column":8},"end":{"line":27,"column":null}},"type":"if","locations":[{"start":{"line":23,"column":8},"end":{"line":27,"column":null}},{"start":{"line":25,"column":15},"end":{"line":27,"column":null}}],"line":23},"7":{"loc":{"start":{"line":43,"column":18},"end":{"line":43,"column":null}},"type":"cond-expr","locations":[{"start":{"line":43,"column":28},"end":{"line":43,"column":39}},{"start":{"line":43,"column":39},"end":{"line":43,"column":null}}],"line":43},"8":{"loc":{"start":{"line":46,"column":13},"end":{"line":49,"column":null}},"type":"cond-expr","locations":[{"start":{"line":47,"column":16},"end":{"line":47,"column":null}},{"start":{"line":49,"column":16},"end":{"line":49,"column":null}}],"line":46}},"s":{"0":1,"1":40,"2":40,"3":40,"4":40,"5":40,"6":40,"7":0,"8":0,"9":0,"10":0,"11":40,"12":40,"13":40},"f":{"0":40},"b":{"0":[40],"1":[40],"2":[40,0],"3":[40,0],"4":[40,0],"5":[40,0],"6":[0,0],"7":[0,40],"8":[0,40]},"meta":{"lastBranch":9,"lastFunction":1,"lastStatement":14,"seen":{"s:13:45:53:Infinity":0,"f:13:45:13:46":0,"b:13:75:13:85":0,"b:13:97:13:101":1,"s:14:21:14:Infinity":1,"b:14:31:14:54:14:54:14:Infinity":2,"s:15:21:15:Infinity":2,"b:15:28:15:42:15:42:15:Infinity":3,"s:16:24:16:Infinity":3,"b:16:34:16:51:16:51:16:Infinity":4,"s:18:19:18:Infinity":4,"b:19:4:28:Infinity:21:11:28:Infinity":5,"s:19:4:28:Infinity":5,"s:20:8:20:Infinity":6,"s:22:22:22:Infinity":7,"b:23:8:27:Infinity:25:15:27:Infinity":6,"s:23:8:27:Infinity":8,"s:24:12:24:Infinity":9,"s:26:12:26:Infinity":10,"s:30:4:30:Infinity":11,"s:32:24:37:Infinity":12,"s:39:4:51:Infinity":13,"b:43:28:43:39:43:39:43:Infinity":7,"b:47:16:47:Infinity:49:16:49:Infinity":8}}}
,"C:\\Users\\anton\\DocenteDocAI-Flowise\\docentedoc-ai\\src\\components\\Calendar.tsx": {"path":"C:\\Users\\anton\\DocenteDocAI-Flowise\\docentedoc-ai\\src\\components\\Calendar.tsx","statementMap":{"0":{"start":{"line":18,"column":19},"end":{"line":18,"column":null}},"1":{"start":{"line":19,"column":20},"end":{"line":19,"column":null}},"2":{"start":{"line":21,"column":42},"end":{"line":219,"column":null}},"3":{"start":{"line":22,"column":38},"end":{"line":22,"column":null}},"4":{"start":{"line":23,"column":32},"end":{"line":23,"column":null}},"5":{"start":{"line":24,"column":40},"end":{"line":24,"column":null}},"6":{"start":{"line":25,"column":44},"end":{"line":25,"column":null}},"7":{"start":{"line":26,"column":40},"end":{"line":26,"column":null}},"8":{"start":{"line":27,"column":10},"end":{"line":27,"column":null}},"9":{"start":{"line":29,"column":4},"end":{"line":36,"column":null}},"10":{"start":{"line":30,"column":8},"end":{"line":35,"column":null}},"11":{"start":{"line":31,"column":24},"end":{"line":31,"column":null}},"12":{"start":{"line":32,"column":25},"end":{"line":32,"column":null}},"13":{"start":{"line":33,"column":30},"end":{"line":33,"column":null}},"14":{"start":{"line":34,"column":12},"end":{"line":34,"column":null}},"15":{"start":{"line":38,"column":27},"end":{"line":62,"column":null}},"16":{"start":{"line":39,"column":24},"end":{"line":39,"column":null}},"17":{"start":{"line":40,"column":8},"end":{"line":43,"column":null}},"18":{"start":{"line":41,"column":12},"end":{"line":41,"column":null}},"19":{"start":{"line":42,"column":12},"end":{"line":42,"column":null}},"20":{"start":{"line":45,"column":25},"end":{"line":45,"column":null}},"21":{"start":{"line":47,"column":8},"end":{"line":60,"column":null}},"22":{"start":{"line":49,"column":16},"end":{"line":49,"column":null}},"23":{"start":{"line":50,"column":16},"end":{"line":50,"column":null}},"24":{"start":{"line":52,"column":16},"end":{"line":52,"column":null}},"25":{"start":{"line":53,"column":16},"end":{"line":53,"column":null}},"26":{"start":{"line":55,"column":16},"end":{"line":55,"column":null}},"27":{"start":{"line":56,"column":16},"end":{"line":56,"column":null}},"28":{"start":{"line":58,"column":16},"end":{"line":58,"column":null}},"29":{"start":{"line":59,"column":16},"end":{"line":59,"column":null}},"30":{"start":{"line":61,"column":8},"end":{"line":61,"column":null}},"31":{"start":{"line":64,"column":10},"end":{"line":79,"column":null}},"32":{"start":{"line":65,"column":21},"end":{"line":65,"column":null}},"33":{"start":{"line":66,"column":22},"end":{"line":66,"column":null}},"34":{"start":{"line":67,"column":32},"end":{"line":67,"column":null}},"35":{"start":{"line":68,"column":31},"end":{"line":68,"column":null}},"36":{"start":{"line":69,"column":34},"end":{"line":69,"column":null}},"37":{"start":{"line":70,"column":26},"end":{"line":70,"column":null}},"38":{"start":{"line":71,"column":8},"end":{"line":71,"column":null}},"39":{"start":{"line":72,"column":30},"end":{"line":72,"column":null}},"40":{"start":{"line":73,"column":8},"end":{"line":77,"column":null}},"41":{"start":{"line":73,"column":21},"end":{"line":73,"column":24}},"42":{"start":{"line":74,"column":22},"end":{"line":74,"column":null}},"43":{"start":{"line":75,"column":12},"end":{"line":75,"column":null}},"44":{"start":{"line":76,"column":12},"end":{"line":76,"column":null}},"45":{"start":{"line":78,"column":8},"end":{"line":78,"column":null}},"46":{"start":{"line":81,"column":10},"end":{"line":95,"column":null}},"47":{"start":{"line":82,"column":23},"end":{"line":82,"column":null}},"48":{"start":{"line":83,"column":26},"end":{"line":83,"column":null}},"49":{"start":{"line":84,"column":14},"end":{"line":84,"column":null}},"50":{"start":{"line":85,"column":23},"end":{"line":85,"column":null}},"51":{"start":{"line":86,"column":8},"end":{"line":86,"column":null}},"52":{"start":{"line":87,"column":8},"end":{"line":87,"column":null}},"53":{"start":{"line":88,"column":22},"end":{"line":88,"column":null}},"54":{"start":{"line":89,"column":8},"end":{"line":93,"column":null}},"55":{"start":{"line":89,"column":21},"end":{"line":89,"column":24}},"56":{"start":{"line":90,"column":22},"end":{"line":90,"column":null}},"57":{"start":{"line":91,"column":12},"end":{"line":91,"column":null}},"58":{"start":{"line":92,"column":12},"end":{"line":92,"column":null}},"59":{"start":{"line":94,"column":8},"end":{"line":94,"column":null}},"60":{"start":{"line":97,"column":10},"end":{"line":113,"column":null}},"61":{"start":{"line":98,"column":23},"end":{"line":98,"column":null}},"62":{"start":{"line":98,"column":50},"end":{"line":98,"column":105}},"63":{"start":{"line":99,"column":59},"end":{"line":99,"column":null}},"64":{"start":{"line":100,"column":8},"end":{"line":111,"column":null}},"65":{"start":{"line":101,"column":27},"end":{"line":101,"column":null}},"66":{"start":{"line":102,"column":12},"end":{"line":110,"column":null}},"67":{"start":{"line":103,"column":30},"end":{"line":103,"column":null}},"68":{"start":{"line":104,"column":28},"end":{"line":104,"column":null}},"69":{"start":{"line":105,"column":16},"end":{"line":109,"column":null}},"70":{"start":{"line":106,"column":32},"end":{"line":106,"column":null}},"71":{"start":{"line":107,"column":20},"end":{"line":107,"column":null}},"72":{"start":{"line":107,"column":38},"end":{"line":107,"column":null}},"73":{"start":{"line":108,"column":20},"end":{"line":108,"column":null}},"74":{"start":{"line":112,"column":8},"end":{"line":112,"column":null}},"75":{"start":{"line":116,"column":25},"end":{"line":201,"column":null}},"76":{"start":{"line":117,"column":22},"end":{"line":119,"column":null}},"77":{"start":{"line":121,"column":8},"end":{"line":199,"column":null}},"78":{"start":{"line":125,"column":47},"end":{"line":125,"column":71}},"79":{"start":{"line":128,"column":47},"end":{"line":128,"column":72}},"80":{"start":{"line":131,"column":47},"end":{"line":131,"column":71}},"81":{"start":{"line":152,"column":49},"end":{"line":152,"column":null}},"82":{"start":{"line":160,"column":45},"end":{"line":160,"column":null}},"83":{"start":{"line":171,"column":47},"end":{"line":171,"column":72}},"84":{"start":{"line":174,"column":47},"end":{"line":174,"column":68}},"85":{"start":{"line":184,"column":39},"end":{"line":184,"column":null}},"86":{"start":{"line":186,"column":28},"end":{"line":190,"column":null}},"87":{"start":{"line":187,"column":32},"end":{"line":187,"column":null}},"88":{"start":{"line":187,"column":50},"end":{"line":187,"column":88}},"89":{"start":{"line":187,"column":64},"end":{"line":187,"column":87}},"90":{"start":{"line":189,"column":32},"end":{"line":189,"column":null}},"91":{"start":{"line":189,"column":50},"end":{"line":189,"column":95}},"92":{"start":{"line":191,"column":28},"end":{"line":191,"column":null}},"93":{"start":{"line":194,"column":28},"end":{"line":194,"column":null}},"94":{"start":{"line":194,"column":46},"end":{"line":194,"column":75}},"95":{"start":{"line":194,"column":63},"end":{"line":194,"column":74}},"96":{"start":{"line":195,"column":28},"end":{"line":195,"column":null}},"97":{"start":{"line":203,"column":4},"end":{"line":217,"column":null}},"98":{"start":{"line":209,"column":41},"end":{"line":209,"column":147}},"99":{"start":{"line":211,"column":24},"end":{"line":213,"column":null}}},"fnMap":{"0":{"name":"(anonymous_0)","decl":{"start":{"line":21,"column":42},"end":{"line":21,"column":43}},"loc":{"start":{"line":21,"column":111},"end":{"line":219,"column":null}},"line":21},"1":{"name":"(anonymous_1)","decl":{"start":{"line":29,"column":14},"end":{"line":29,"column":20}},"loc":{"start":{"line":29,"column":20},"end":{"line":36,"column":7}},"line":29},"2":{"name":"(anonymous_2)","decl":{"start":{"line":38,"column":27},"end":{"line":38,"column":28}},"loc":{"start":{"line":38,"column":69},"end":{"line":62,"column":null}},"line":38},"3":{"name":"(anonymous_3)","decl":{"start":{"line":64,"column":31},"end":{"line":64,"column":37}},"loc":{"start":{"line":64,"column":37},"end":{"line":79,"column":7}},"line":64},"4":{"name":"(anonymous_4)","decl":{"start":{"line":81,"column":30},"end":{"line":81,"column":36}},"loc":{"start":{"line":81,"column":36},"end":{"line":95,"column":7}},"line":81},"5":{"name":"(anonymous_5)","decl":{"start":{"line":97,"column":33},"end":{"line":97,"column":39}},"loc":{"start":{"line":97,"column":39},"end":{"line":113,"column":7}},"line":97},"6":{"name":"(anonymous_6)","decl":{"start":{"line":98,"column":40},"end":{"line":98,"column":41}},"loc":{"start":{"line":98,"column":50},"end":{"line":98,"column":105}},"line":98},"7":{"name":"(anonymous_7)","decl":{"start":{"line":100,"column":23},"end":{"line":100,"column":29}},"loc":{"start":{"line":100,"column":29},"end":{"line":111,"column":9}},"line":100},"8":{"name":"(anonymous_8)","decl":{"start":{"line":116,"column":25},"end":{"line":116,"column":31}},"loc":{"start":{"line":116,"column":31},"end":{"line":201,"column":null}},"line":116},"9":{"name":"(anonymous_9)","decl":{"start":{"line":125,"column":41},"end":{"line":125,"column":47}},"loc":{"start":{"line":125,"column":47},"end":{"line":125,"column":71}},"line":125},"10":{"name":"(anonymous_10)","decl":{"start":{"line":128,"column":41},"end":{"line":128,"column":47}},"loc":{"start":{"line":128,"column":47},"end":{"line":128,"column":72}},"line":128},"11":{"name":"(anonymous_11)","decl":{"start":{"line":131,"column":41},"end":{"line":131,"column":47}},"loc":{"start":{"line":131,"column":47},"end":{"line":131,"column":71}},"line":131},"12":{"name":"(anonymous_12)","decl":{"start":{"line":152,"column":41},"end":{"line":152,"column":42}},"loc":{"start":{"line":152,"column":49},"end":{"line":152,"column":null}},"line":152},"13":{"name":"(anonymous_13)","decl":{"start":{"line":160,"column":38},"end":{"line":160,"column":39}},"loc":{"start":{"line":160,"column":45},"end":{"line":160,"column":null}},"line":160},"14":{"name":"(anonymous_14)","decl":{"start":{"line":171,"column":41},"end":{"line":171,"column":47}},"loc":{"start":{"line":171,"column":47},"end":{"line":171,"column":72}},"line":171},"15":{"name":"(anonymous_15)","decl":{"start":{"line":174,"column":41},"end":{"line":174,"column":47}},"loc":{"start":{"line":174,"column":47},"end":{"line":174,"column":68}},"line":174},"16":{"name":"(anonymous_16)","decl":{"start":{"line":184,"column":33},"end":{"line":184,"column":39}},"loc":{"start":{"line":184,"column":39},"end":{"line":184,"column":null}},"line":184},"17":{"name":"(anonymous_17)","decl":{"start":{"line":185,"column":32},"end":{"line":185,"column":33}},"loc":{"start":{"line":185,"column":40},"end":{"line":192,"column":null}},"line":185},"18":{"name":"(anonymous_18)","decl":{"start":{"line":187,"column":42},"end":{"line":187,"column":50}},"loc":{"start":{"line":187,"column":50},"end":{"line":187,"column":88}},"line":187},"19":{"name":"(anonymous_19)","decl":{"start":{"line":187,"column":59},"end":{"line":187,"column":64}},"loc":{"start":{"line":187,"column":64},"end":{"line":187,"column":87}},"line":187},"20":{"name":"(anonymous_20)","decl":{"start":{"line":189,"column":42},"end":{"line":189,"column":50}},"loc":{"start":{"line":189,"column":50},"end":{"line":189,"column":95}},"line":189},"21":{"name":"(anonymous_21)","decl":{"start":{"line":193,"column":34},"end":{"line":193,"column":35}},"loc":{"start":{"line":193,"column":42},"end":{"line":196,"column":null}},"line":193},"22":{"name":"(anonymous_22)","decl":{"start":{"line":194,"column":38},"end":{"line":194,"column":46}},"loc":{"start":{"line":194,"column":46},"end":{"line":194,"column":75}},"line":194},"23":{"name":"(anonymous_23)","decl":{"start":{"line":194,"column":58},"end":{"line":194,"column":63}},"loc":{"start":{"line":194,"column":63},"end":{"line":194,"column":74}},"line":194},"24":{"name":"(anonymous_24)","decl":{"start":{"line":209,"column":36},"end":{"line":209,"column":41}},"loc":{"start":{"line":209,"column":41},"end":{"line":209,"column":147}},"line":209},"25":{"name":"(anonymous_25)","decl":{"start":{"line":210,"column":36},"end":{"line":210,"column":37}},"loc":{"start":{"line":211,"column":24},"end":{"line":213,"column":null}},"line":211}},"branchMap":{"0":{"loc":{"start":{"line":30,"column":8},"end":{"line":35,"column":null}},"type":"if","locations":[{"start":{"line":30,"column":8},"end":{"line":35,"column":null}},{"start":{},"end":{}}],"line":30},"1":{"loc":{"start":{"line":30,"column":8},"end":{"line":30,"column":87}},"type":"binary-expr","locations":[{"start":{"line":30,"column":13},"end":{"line":30,"column":36}},{"start":{"line":30,"column":36},"end":{"line":30,"column":59}},{"start":{"line":30,"column":59},"end":{"line":30,"column":87}}],"line":30},"2":{"loc":{"start":{"line":40,"column":8},"end":{"line":43,"column":null}},"type":"if","locations":[{"start":{"line":40,"column":8},"end":{"line":43,"column":null}},{"start":{},"end":{}}],"line":40},"3":{"loc":{"start":{"line":45,"column":25},"end":{"line":45,"column":null}},"type":"cond-expr","locations":[{"start":{"line":45,"column":48},"end":{"line":45,"column":52}},{"start":{"line":45,"column":52},"end":{"line":45,"column":null}}],"line":45},"4":{"loc":{"start":{"line":47,"column":8},"end":{"line":60,"column":null}},"type":"switch","locations":[{"start":{"line":48,"column":12},"end":{"line":50,"column":null}},{"start":{"line":51,"column":12},"end":{"line":53,"column":null}},{"start":{"line":54,"column":12},"end":{"line":56,"column":null}},{"start":{"line":57,"column":12},"end":{"line":59,"column":null}}],"line":47},"5":{"loc":{"start":{"line":69,"column":34},"end":{"line":69,"column":null}},"type":"cond-expr","locations":[{"start":{"line":69,"column":57},"end":{"line":69,"column":61}},{"start":{"line":69,"column":61},"end":{"line":69,"column":null}}],"line":69},"6":{"loc":{"start":{"line":102,"column":12},"end":{"line":110,"column":null}},"type":"if","locations":[{"start":{"line":102,"column":12},"end":{"line":110,"column":null}},{"start":{},"end":{}}],"line":102},"7":{"loc":{"start":{"line":105,"column":16},"end":{"line":109,"column":null}},"type":"if","locations":[{"start":{"line":105,"column":16},"end":{"line":10
[...]
b:295:26:295:39:295:39:295:56:295:56:295:68:295:68:295:86:295:86:295:Infinity":62,"s:296:25:296:Infinity":218,"b:296:47:296:58:296:58:296:Infinity":63,"b:296:78:296:97:296:97:296:Infinity":64,"s:297:12:297:Infinity":219,"b:298:12:300:Infinity:undefined:undefined:undefined:undefined":65,"s:298:12:300:Infinity":220,"b:298:16:298:39:298:39:298:48":66,"s:299:16:299:Infinity":221,"s:305:4:305:Infinity":222,"s:306:4:306:Infinity":223,"s:308:4:308:Infinity":224,"s:309:4:309:Infinity":225,"s:310:4:310:Infinity":226,"s:311:4:311:Infinity":227,"s:313:21:313:Infinity":228,"s:314:4:314:Infinity":229,"s:318:51:384:Infinity":230,"f:318:51:318:58":30,"s:319:19:319:Infinity":231,"s:320:59:320:Infinity":232,"s:321:19:321:Infinity":233,"s:322:17:322:Infinity":234,"s:323:21:323:Infinity":235,"s:324:17:324:Infinity":236,"s:325:30:325:Infinity":237,"s:326:28:326:Infinity":238,"s:329:4:329:Infinity":239,"s:330:4:330:Infinity":240,"s:331:4:331:Infinity":241,"s:334:4:334:Infinity":242,"s:335:4:335:Infinity":243,"b:335:36:335:59:335:59:335:71":67,"s:336:4:336:Infinity":244,"s:337:4:337:Infinity":245,"s:340:4:340:Infinity":246,"s:341:4:341:Infinity":247,"s:342:4:342:Infinity":248,"s:345:18:345:Infinity":249,"s:346:18:346:Infinity":250,"s:347:4:347:Infinity":251,"s:348:4:348:Infinity":252,"s:349:4:349:Infinity":253,"s:350:4:350:Infinity":254,"s:353:4:364:Infinity":255,"f:353:27:353:35":31,"s:354:8:354:Infinity":256,"s:355:8:355:Infinity":257,"s:358:30:358:Infinity":258,"b:358:51:358:72:358:72:358:Infinity":68,"b:358:93:358:114:358:114:358:Infinity":69,"b:358:135:358:154:358:154:358:Infinity":70,"s:359:8:359:Infinity":259,"s:360:8:360:Infinity":260,"s:362:8:362:Infinity":261,"s:363:8:363:Infinity":262,"s:367:4:367:Infinity":263,"s:368:4:368:Infinity":264,"s:369:4:369:Infinity":265,"s:370:4:370:Infinity":266,"s:371:4:371:Infinity":267,"s:372:4:372:Infinity":268,"s:373:4:373:Infinity":269,"s:376:4:376:Infinity":270,"s:377:4:377:Infinity":271,"s:378:4:378:Infinity":272,"s:379:4:379:Infinity":273,"s:380:4:380:Infinity":274,"s:382:21:382:Infinity":275,"s:383:4:383:Infinity":276,"s:387:30:394:Infinity":277,"f:387:30:387:37":32,"s:389:20:389:Infinity":278,"s:390:29:390:Infinity":279,"s:391:20:391:Infinity":280,"s:393:4:393:Infinity":281,"s:395:33:401:Infinity":282,"f:395:33:395:40":33,"s:396:19:396:Infinity":283,"s:397:28:397:Infinity":284,"s:398:19:398:Infinity":285,"s:400:4:400:Infinity":286,"s:402:41:408:Infinity":287,"f:402:41:402:48":34,"s:403:19:403:Infinity":288,"s:404:28:404:Infinity":289,"s:405:19:405:Infinity":290,"s:407:4:407:Infinity":291,"s:409:35:415:Infinity":292,"f:409:35:409:42":35,"s:410:19:410:Infinity":293,"s:411:28:411:Infinity":294,"s:412:19:412:Infinity":295,"s:414:4:414:Infinity":296,"s:416:38:422:Infinity":297,"f:416:38:416:45":36,"s:417:24:417:Infinity":298,"s:418:22:418:Infinity":299,"s:419:16:419:Infinity":300,"s:421:4:421:Infinity":301,"s:423:39:429:Infinity":302,"f:423:39:423:46":37,"s:424:24:424:Infinity":303,"s:425:22:425:Infinity":304,"s:426:16:426:Infinity":305,"s:428:4:428:Infinity":306,"s:430:39:436:Infinity":307,"f:430:39:430:46":38,"s:431:19:431:Infinity":308,"s:432:28:432:Infinity":309,"s:433:19:433:Infinity":310,"s:435:4:435:Infinity":311}}}
,"C:\\Users\\anton\\DocenteDocAI-Flowise\\docentedoc-ai\\src\\utils\\evaluationUtils.ts": {"path":"C:\\Users\\anton\\DocenteDocAI-Flowise\\docentedoc-ai\\src\\utils\\evaluationUtils.ts","statementMap":{"0":{"start":{"line":4,"column":28},"end":{"line":4,"column":null}},"1":{"start":{"line":5,"column":28},"end":{"line":5,"column":null}},"2":{"start":{"line":7,"column":36},"end":{"line":62,"column":null}},"3":{"start":{"line":13,"column":25},"end":{"line":17,"column":null}},"4":{"start":{"line":15,"column":6},"end":{"line":16,"column":null}},"5":{"start":{"line":21,"column":25},"end":{"line":23,"column":null}},"6":{"start":{"line":22,"column":9},"end":{"line":22,"column":34}},"7":{"start":{"line":23,"column":32},"end":{"line":23,"column":47}},"8":{"start":{"line":25,"column":29},"end":{"line":25,"column":null}},"9":{"start":{"line":26,"column":32},"end":{"line":26,"column":null}},"10":{"start":{"line":28,"column":2},"end":{"line":32,"column":null}},"11":{"start":{"line":29,"column":16},"end":{"line":29,"column":null}},"12":{"start":{"line":29,"column":57},"end":{"line":29,"column":66}},"13":{"start":{"line":30,"column":16},"end":{"line":30,"column":null}},"14":{"start":{"line":31,"column":4},"end":{"line":31,"column":null}},"15":{"start":{"line":34,"column":47},"end":{"line":34,"column":null}},"16":{"start":{"line":35,"column":32},"end":{"line":35,"column":null}},"17":{"start":{"line":37,"column":2},"end":{"line":59,"column":null}},"18":{"start":{"line":38,"column":21},"end":{"line":38,"column":null}},"19":{"start":{"line":39,"column":22},"end":{"line":39,"column":null}},"20":{"start":{"line":40,"column":22},"end":{"line":40,"column":null}},"21":{"start":{"line":42,"column":21},"end":{"line":42,"column":null}},"22":{"start":{"line":42,"column":50},"end":{"line":42,"column":59}},"23":{"start":{"line":43,"column":21},"end":{"line":43,"column":null}},"24":{"start":{"line":45,"column":21},"end":{"line":45,"column":null}},"25":{"start":{"line":45,"column":50},"end":{"line":45,"column":59}},"26":{"start":{"line":46,"column":21},"end":{"line":46,"column":null}},"27":{"start":{"line":48,"column":17},"end":{"line":48,"column":null}},"28":{"start":{"line":50,"column":4},"end":{"line":56,"column":null}},"29":{"start":{"line":51,"column":6},"end":{"line":51,"column":null}},"30":{"start":{"line":52,"column":4},"end":{"line":56,"column":null}},"31":{"start":{"line":53,"column":6},"end":{"line":53,"column":null}},"32":{"start":{"line":55,"column":6},"end":{"line":55,"column":null}},"33":{"start":{"line":57,"column":2},"end":{"line":59,"column":null}},"34":{"start":{"line":58,"column":6},"end":{"line":58,"column":null}},"35":{"start":{"line":61,"column":2},"end":{"line":61,"column":null}}},"fnMap":{"0":{"name":"(anonymous_0)","decl":{"start":{"line":7,"column":36},"end":{"line":7,"column":null}},"loc":{"start":{"line":11,"column":71},"end":{"line":62,"column":null}},"line":11},"1":{"name":"(anonymous_1)","decl":{"start":{"line":14,"column":4},"end":{"line":14,"column":null}},"loc":{"start":{"line":15,"column":6},"end":{"line":16,"column":null}},"line":15},"2":{"name":"(anonymous_2)","decl":{"start":{"line":22,"column":9},"end":{"line":22,"column":15}},"loc":{"start":{"line":22,"column":9},"end":{"line":22,"column":34}},"line":22},"3":{"name":"(anonymous_3)","decl":{"start":{"line":23,"column":12},"end":{"line":23,"column":13}},"loc":{"start":{"line":23,"column":32},"end":{"line":23,"column":47}},"line":23},"4":{"name":"(anonymous_4)","decl":{"start":{"line":29,"column":45},"end":{"line":29,"column":46}},"loc":{"start":{"line":29,"column":57},"end":{"line":29,"column":66}},"line":29},"5":{"name":"(anonymous_5)","decl":{"start":{"line":42,"column":38},"end":{"line":42,"column":39}},"loc":{"start":{"line":42,"column":50},"end":{"line":42,"column":59}},"line":42},"6":{"name":"(anonymous_6)","decl":{"start":{"line":45,"column":38},"end":{"line":45,"column":39}},"loc":{"start":{"line":45,"column":50},"end":{"line":45,"column":59}},"line":45}},"branchMap":{"0":{"loc":{"start":{"line":15,"column":6},"end":{"line":16,"column":null}},"type":"binary-expr","locations":[{"start":{"line":15,"column":6},"end":{"line":15,"column":null}},{"start":{"line":16,"column":7},"end":{"line":16,"column":33}},{"start":{"line":16,"column":33},"end":{"line":16,"column":null}}],"line":15},"1":{"loc":{"start":{"line":28,"column":2},"end":{"line":32,"column":null}},"type":"if","locations":[{"start":{"line":28,"column":2},"end":{"line":32,"column":null}},{"start":{},"end":{}}],"line":28},"2":{"loc":{"start":{"line":37,"column":2},"end":{"line":59,"column":null}},"type":"if","locations":[{"start":{"line":37,"column":2},"end":{"line":59,"column":null}},{"start":{"line":57,"column":2},"end":{"line":59,"column":null}}],"line":37},"3":{"loc":{"start":{"line":50,"column":4},"end":{"line":56,"column":null}},"type":"if","locations":[{"start":{"line":50,"column":4},"end":{"line":56,"column":null}},{"start":{"line":52,"column":4},"end":{"line":56,"column":null}}],"line":50},"4":{"loc":{"start":{"line":52,"column":4},"end":{"line":56,"column":null}},"type":"if","locations":[{"start":{"line":52,"column":4},"end":{"line":56,"column":null}},{"start":{"line":54,"column":11},"end":{"line":56,"column":null}}],"line":52},"5":{"loc":{"start":{"line":57,"column":2},"end":{"line":59,"column":null}},"type":"if","locations":[{"start":{"line":57,"column":2},"end":{"line":59,"column":null}},{"start":{},"end":{}}],"line":57}},"s":{"0":1,"1":1,"2":1,"3":5,"4":14,"5":5,"6":13,"7":13,"8":5,"9":5,"10":5,"11":5,"12":13,"13":5,"14":5,"15":5,"16":5,"17":5,"18":2,"19":2,"20":2,"21":2,"22":4,"23":2,"24":2,"25":4,"26":2,"27":2,"28":2,"29":1,"30":1,"31":1,"32":0,"33":3,"34":3,"35":5},"f":{"0":5,"1":14,"2":13,"3":13,"4":13,"5":4,"6":4},"b":{"0":[14,13,0],"1":[5,0],"2":[2,3],"3":[1,1],"4":[1,0],"5":[3,0]},"meta":{"lastBranch":6,"lastFunction":7,"lastStatement":36,"seen":{"s:4:28:4:Infinity":0,"s:5:28:5:Infinity":1,"s:7:36:62:Infinity":2,"f:7:36:7:Infinity":0,"s:13:25:17:Infinity":3,"f:14:4:14:Infinity":1,"s:15:6:16:Infinity":4,"b:15:6:15:Infinity:16:7:16:33:16:33:16:Infinity":0,"s:21:25:23:Infinity":5,"f:22:9:22:15":2,"s:22:9:22:34":6,"f:23:12:23:13":3,"s:23:32:23:47":7,"s:25:29:25:Infinity":8,"s:26:32:26:Infinity":9,"b:28:2:32:Infinity:undefined:undefined:undefined:undefined":1,"s:28:2:32:Infinity":10,"s:29:16:29:Infinity":11,"f:29:45:29:46":4,"s:29:57:29:66":12,"s:30:16:30:Infinity":13,"s:31:4:31:Infinity":14,"s:34:47:34:Infinity":15,"s:35:32:35:Infinity":16,"b:37:2:59:Infinity:57:2:59:Infinity":2,"s:37:2:59:Infinity":17,"s:38:21:38:Infinity":18,"s:39:22:39:Infinity":19,"s:40:22:40:Infinity":20,"s:42:21:42:Infinity":21,"f:42:38:42:39":5,"s:42:50:42:59":22,"s:43:21:43:Infinity":23,"s:45:21:45:Infinity":24,"f:45:38:45:39":6,"s:45:50:45:59":25,"s:46:21:46:Infinity":26,"s:48:17:48:Infinity":27,"b:50:4:56:Infinity:52:4:56:Infinity":3,"s:50:4:56:Infinity":28,"s:51:6:51:Infinity":29,"b:52:4:56:Infinity:54:11:56:Infinity":4,"s:52:4:56:Infinity":30,"s:53:6:53:Infinity":31,"s:55:6:55:Infinity":32,"b:57:2:59:Infinity:undefined:undefined:undefined:undefined":5,"s:57:2:59:Infinity":33,"s:58:6:58:Infinity":34,"s:61:2:61:Infinity":35}}}
,"C:\\Users\\anton\\DocenteDocAI-Flowise\\docentedoc-ai\\src\\utils\\securityUtils.ts": {"path":"C:\\Users\\anton\\DocenteDocAI-Flowise\\docentedoc-ai\\src\\utils\\securityUtils.ts","statementMap":{"0":{"start":{"line":13,"column":28},"end":{"line":55,"column":null}},"1":{"start":{"line":14,"column":4},"end":{"line":14,"column":null}},"2":{"start":{"line":14,"column":15},"end":{"line":14,"column":null}},"3":{"start":{"line":16,"column":19},"end":{"line":16,"column":null}},"4":{"start":{"line":17,"column":16},"end":{"line":17,"column":null}},"5":{"start":{"line":20,"column":26},"end":{"line":23,"column":null}},"6":{"start":{"line":26,"column":33},"end":{"line":26,"column":null}},"7":{"start":{"line":27,"column":21},"end":{"line":27,"column":null}},"8":{"start":{"line":30,"column":4},"end":{"line":33,"column":null}},"9":{"start":{"line":31,"column":25},"end":{"line":31,"column":null}},"10":{"start":{"line":32,"column":8},"end":{"line":32,"column":null}},"11":{"start":{"line":32,"column":31},"end":{"line":32,"column":42}},"12":{"start":{"line":36,"column":24},"end":{"line":36,"column":null}},"13":{"start":{"line":37,"column":4},"end":{"line":52,"column":null}},"14":{"start":{"line":39,"column":8},"end":{"line":51,"column":null}},"15":{"start":{"line":40,"column":12},"end":{"line":42,"column":null}},"16":{"start":{"line":41,"column":16},"end":{"line":41,"column":null}},"17":{"start":{"line":45,"column":12},"end":{"line":50,"column":null}},"18":{"start":{"line":46,"column":28},"end":{"line":46,"column":null}},"19":{"start":{"line":47,"column":16},"end":{"line":49,"column":null}},"20":{"start":{"line":48,"column":20},"end":{"line":48,"column":null}},"21":{"start":{"line":54,"column":4},"end":{"line":54,"column":null}}},"fnMap":{"0":{"name":"(anonymous_0)","decl":{"start":{"line":13,"column":28},"end":{"line":13,"column":29}},"loc":{"start":{"line":13,"column":54},"end":{"line":55,"column":null}},"line":13},"1":{"name":"(anonymous_1)","decl":{"start":{"line":30,"column":26},"end":{"line":30,"column":33}},"loc":{"start":{"line":30,"column":33},"end":{"line":33,"column":5}},"line":30},"2":{"name":"(anonymous_2)","decl":{"start":{"line":32,"column":25},"end":{"line":32,"column":31}},"loc":{"start":{"line":32,"column":31},"end":{"line":32,"column":42}},"line":32},"3":{"name":"(anonymous_3)","decl":{"start":{"line":37,"column":24},"end":{"line":37,"column":30}},"loc":{"start":{"line":37,"column":30},"end":{"line":52,"column":5}},"line":37},"4":{"name":"(anonymous_4)","decl":{"start":{"line":39,"column":42},"end":{"line":39,"column":50}},"loc":{"start":{"line":39,"column":50},"end":{"line":51,"column":9}},"line":39}},"branchMap":{"0":{"loc":{"start":{"line":14,"column":4},"end":{"line":14,"column":null}},"type":"if","locations":[{"start":{"line":14,"column":4},"end":{"line":14,"column":null}},{"start":{},"end":{}}],"line":14},"1":{"loc":{"start":{"line":40,"column":12},"end":{"line":42,"column":null}},"type":"if","locations":[{"start":{"line":40,"column":12},"end":{"line":42,"column":null}},{"start":{},"end":{}}],"line":40},"2":{"loc":{"start":{"line":45,"column":12},"end":{"line":50,"column":null}},"type":"if","locations":[{"start":{"line":45,"column":12},"end":{"line":50,"column":null}},{"start":{},"end":{}}],"line":45},"3":{"loc":{"start":{"line":47,"column":16},"end":{"line":49,"column":null}},"type":"if","locations":[{"start":{"line":47,"column":16},"end":{"line":49,"column":null}},{"start":{},"end":{}}],"line":47},"4":{"loc":{"start":{"line":47,"column":20},"end":{"line":47,"column":118}},"type":"binary-expr","locations":[{"start":{"line":47,"column":20},"end":{"line":47,"column":53}},{"start":{"line":47,"column":53},"end":{"line":47,"column":84}},{"start":{"line":47,"column":84},"end":{"line":47,"column":118}}],"line":47}},"s":{"0":1,"1":5,"2":1,"3":4,"4":4,"5":4,"6":4,"7":4,"8":4,"9":60,"10":60,"11":2,"12":4,"13":4,"14":18,"15":1,"16":0,"17":1,"18":1,"19":1,"20":1,"21":4},"f":{"0":5,"1":60,"2":2,"3":18,"4":1},"b":{"0":[1,4],"1":[0,1],"2":[1,0],"3":[1,0],"4":[1,0,0]},"meta":{"lastBranch":5,"lastFunction":5,"lastStatement":22,"seen":{"s:13:28:55:Infinity":0,"f:13:28:13:29":0,"b:14:4:14:Infinity:undefined:undefined:undefined:undefined":0,"s:14:4:14:Infinity":1,"s:14:15:14:Infinity":2,"s:16:19:16:Infinity":3,"s:17:16:17:Infinity":4,"s:20:26:23:Infinity":5,"s:26:33:26:Infinity":6,"s:27:21:27:Infinity":7,"s:30:4:33:Infinity":8,"f:30:26:30:33":1,"s:31:25:31:Infinity":9,"s:32:8:32:Infinity":10,"f:32:25:32:31":2,"s:32:31:32:42":11,"s:36:24:36:Infinity":12,"s:37:4:52:Infinity":13,"f:37:24:37:30":3,"s:39:8:51:Infinity":14,"f:39:42:39:50":4,"b:40:12:42:Infinity:undefined:undefined:undefined:undefined":1,"s:40:12:42:Infinity":15,"s:41:16:41:Infinity":16,"b:45:12:50:Infinity:undefined:undefined:undefined:undefined":2,"s:45:12:50:Infinity":17,"s:46:28:46:Infinity":18,"b:47:16:49:Infinity:undefined:undefined:undefined:undefined":3,"s:47:16:49:Infinity":19,"b:47:20:47:53:47:53:47:84:47:84:47:118":4,"s:48:20:48:Infinity":20,"s:54:4:54:Infinity":21}}}
,"C:\\Users\\anton\\DocenteDocAI-Flowise\\docentedoc-ai\\src\\utils\\suggestionUtils.ts": {"path":"C:\\Users\\anton\\DocenteDocAI-Flowise\\docentedoc-ai\\src\\utils\\suggestionUtils.ts","statementMap":{"0":{"start":{"line":3,"column":34},"end":{"line":80,"column":null}},"1":{"start":{"line":12,"column":4},"end":{"line":21,"column":null}},"2":{"start":{"line":13,"column":8},"end":{"line":20,"column":null}},"3":{"start":{"line":24,"column":24},"end":{"line":24,"column":null}},"4":{"start":{"line":24,"column":55},"end":{"line":24,"column":65}},"5":{"start":{"line":25,"column":4},"end":{"line":34,"column":null}},"6":{"start":{"line":26,"column":8},"end":{"line":33,"column":null}},"7":{"start":{"line":37,"column":4},"end":{"line":46,"column":null}},"8":{"start":{"line":38,"column":8},"end":{"line":45,"column":null}},"9":{"start":{"line":49,"column":4},"end":{"line":58,"column":null}},"10":{"start":{"line":50,"column":8},"end":{"line":57,"column":null}},"11":{"start":{"line":61,"column":18},"end":{"line":61,"column":null}},"12":{"start":{"line":62,"column":30},"end":{"line":66,"column":null}},"13":{"start":{"line":63,"column":8},"end":{"line":65,"column":null}},"14":{"start":{"line":68,"column":4},"end":{"line":77,"column":null}},"15":{"start":{"line":69,"column":8},"end":{"line":76,"column":null}},"16":{"start":{"line":79,"column":4},"end":{"line":79,"column":null}}},"fnMap":{"0":{"name":"(anonymous_0)","decl":{"start":{"line":3,"column":34},"end":{"line":3,"column":null}},"loc":{"start":{"line":9,"column":30},"end":{"line":80,"column":null}},"line":9},"1":{"name":"(anonymous_1)","decl":{"start":{"line":24,"column":50},"end":{"line":24,"column":55}},"loc":{"start":{"line":24,"column":55},"end":{"line":24,"column":65}},"line":24},"2":{"name":"(anonymous_2)","decl":{"start":{"line":62,"column":44},"end":{"line":62,"column":null}},"loc":{"start":{"line":63,"column":8},"end":{"line":65,"column":null}},"line":63}},"branchMap":{"0":{"loc":{"start":{"line":8,"column":4},"end":{"line":8,"column":null}},"type":"default-arg","locations":[{"start":{"line":8,"column":33},"end":{"line":8,"column":null}}],"line":8},"1":{"loc":{"start":{"line":12,"column":4},"end":{"line":21,"column":null}},"type":"if","locations":[{"start":{"line":12,"column":4},"end":{"line":21,"column":null}},{"start":{},"end":{}}],"line":12},"2":{"loc":{"start":{"line":25,"column":4},"end":{"line":34,"column":null}},"type":"if","locations":[{"start":{"line":25,"column":4},"end":{"line":34,"column":null}},{"start":{},"end":{}}],"line":25},"3":{"loc":{"start":{"line":37,"column":4},"end":{"line":46,"column":null}},"type":"if","locations":[{"start":{"line":37,"column":4},"end":{"line":46,"column":null}},{"start":{},"end":{}}],"line":37},"4":{"loc":{"start":{"line":49,"column":4},"end":{"line":58,"column":null}},"type":"if","locations":[{"start":{"line":49,"column":4},"end":{"line":58,"column":null}},{"start":{},"end":{}}],"line":49},"5":{"loc":{"start":{"line":63,"column":8},"end":{"line":65,"column":null}},"type":"binary-expr","locations":[{"start":{"line":63,"column":8},"end":{"line":63,"column":null}},{"start":{"line":64,"column":8},"end":{"line":64,"column":null}},{"start":{"line":65,"column":8},"end":{"line":65,"column":null}}],"line":63},"6":{"loc":{"start":{"line":68,"column":4},"end":{"line":77,"column":null}},"type":"if","locations":[{"start":{"line":68,"column":4},"end":{"line":77,"column":null}},{"start":{},"end":{}}],"line":68}},"s":{"0":2,"1":18,"2":1,"3":17,"4":6,"5":17,"6":11,"7":6,"8":1,"9":5,"10":1,"11":4,"12":4,"13":9,"14":4,"15":1,"16":3},"f":{"0":18,"1":6,"2":9},"b":{"0":[18],"1":[1,17],"2":[11,6],"3":[1,5],"4":[1,4],"5":[9,3,1],"6":[1,3]},"meta":{"lastBranch":7,"lastFunction":3,"lastStatement":17,"seen":{"s:3:34:80:Infinity":0,"f:3:34:3:Infinity":0,"b:8:33:8:Infinity":0,"b:12:4:21:Infinity:undefined:undefined:undefined:undefined":1,"s:12:4:21:Infinity":1,"s:13:8:20:Infinity":2,"s:24:24:24:Infinity":3,"f:24:50:24:55":1,"s:24:55:24:65":4,"b:25:4:34:Infinity:undefined:undefined:undefined:undefined":2,"s:25:4:34:Infinity":5,"s:26:8:33:Infinity":6,"b:37:4:46:Infinity:undefined:undefined:undefined:undefined":3,"s:37:4:46:Infinity":7,"s:38:8:45:Infinity":8,"b:49:4:58:Infinity:undefined:undefined:undefined:undefined":4,"s:49:4:58:Infinity":9,"s:50:8:57:Infinity":10,"s:61:18:61:Infinity":11,"s:62:30:66:Infinity":12,"f:62:44:62:Infinity":2,"s:63:8:65:Infinity":13,"b:63:8:63:Infinity:64:8:64:Infinity:65:8:65:Infinity":5,"b:68:4:77:Infinity:undefined:undefined:undefined:undefined":6,"s:68:4:77:Infinity":14,"s:69:8:76:Infinity":15,"s:79:4:79:Infinity":16}}}
}
