{"C:\\Users\\anton\\DocenteDocAI-Flowise\\docentedoc-ai\\src\\services\\errorLogger.ts": {"path":"C:\\Users\\anton\\DocenteDocAI-Flowise\\docentedoc-ai\\src\\services\\errorLogger.ts","statementMap":{"0":{"start":{"line":18,"column":24},"end":{"line":18,"column":null}},"1":{"start":{"line":19,"column":17},"end":{"line":19,"column":null}},"2":{"start":{"line":20,"column":27},"end":{"line":20,"column":null}},"3":{"start":{"line":35,"column":4},"end":{"line":71,"column":null}},"4":{"start":{"line":36,"column":33},"end":{"line":46,"column":null}},"5":{"start":{"line":49,"column":6},"end":{"line":49,"column":null}},"6":{"start":{"line":52,"column":25},"end":{"line":52,"column":null}},"7":{"start":{"line":53,"column":22},"end":{"line":59,"column":null}},"8":{"start":{"line":61,"column":6},"end":{"line":67,"column":null}},"9":{"start":{"line":62,"column":8},"end":{"line":62,"column":null}},"10":{"start":{"line":63,"column":6},"end":{"line":67,"column":null}},"11":{"start":{"line":64,"column":8},"end":{"line":64,"column":null}},"12":{"start":{"line":66,"column":8},"end":{"line":66,"column":null}},"13":{"start":{"line":70,"column":6},"end":{"line":70,"column":null}},"14":{"start":{"line":78,"column":4},"end":{"line":86,"column":null}},"15":{"start":{"line":93,"column":25},"end":{"line":93,"column":null}},"16":{"start":{"line":94,"column":23},"end":{"line":94,"column":null}},"17":{"start":{"line":95,"column":4},"end":{"line":102,"column":null}},"18":{"start":{"line":109,"column":4},"end":{"line":109,"column":null}},"19":{"start":{"line":116,"column":4},"end":{"line":116,"column":null}},"20":{"start":{"line":123,"column":4},"end":{"line":132,"column":null}},"21":{"start":{"line":124,"column":21},"end":{"line":124,"column":null}},"22":{"start":{"line":125,"column":6},"end":{"line":125,"column":null}},"23":{"start":{"line":125,"column":19},"end":{"line":125,"column":null}},"24":{"start":{"line":127,"column":19},"end":{"line":127,"column":null}},"25":{"start":{"line":128,"column":6},"end":{"line":128,"column":null}},"26":{"start":{"line":130,"column":6},"end":{"line":130,"column":null}},"27":{"start":{"line":131,"column":6},"end":{"line":131,"column":null}},"28":{"start":{"line":139,"column":4},"end":{"line":139,"column":null}},"29":{"start":{"line":139,"column":45},"end":{"line":139,"column":62}},"30":{"start":{"line":146,"column":4},"end":{"line":146,"column":null}},"31":{"start":{"line":146,"column":45},"end":{"line":146,"column":70}},"32":{"start":{"line":153,"column":4},"end":{"line":153,"column":null}},"33":{"start":{"line":165,"column":17},"end":{"line":165,"column":null}},"34":{"start":{"line":167,"column":4},"end":{"line":178,"column":null}},"35":{"start":{"line":170,"column":8},"end":{"line":170,"column":null}},"36":{"start":{"line":171,"column":8},"end":{"line":171,"column":null}},"37":{"start":{"line":174,"column":8},"end":{"line":174,"column":null}},"38":{"start":{"line":175,"column":8},"end":{"line":175,"column":null}},"39":{"start":{"line":185,"column":4},"end":{"line":190,"column":null}},"40":{"start":{"line":186,"column":6},"end":{"line":186,"column":null}},"41":{"start":{"line":187,"column":6},"end":{"line":187,"column":null}},"42":{"start":{"line":189,"column":6},"end":{"line":189,"column":null}},"43":{"start":{"line":197,"column":4},"end":{"line":203,"column":null}},"44":{"start":{"line":198,"column":19},"end":{"line":198,"column":null}},"45":{"start":{"line":199,"column":6},"end":{"line":199,"column":null}},"46":{"start":{"line":201,"column":6},"end":{"line":201,"column":null}},"47":{"start":{"line":202,"column":6},"end":{"line":202,"column":null}},"48":{"start":{"line":210,"column":4},"end":{"line":224,"column":null}},"49":{"start":{"line":211,"column":17},"end":{"line":211,"column":null}},"50":{"start":{"line":214,"column":6},"end":{"line":214,"column":null}},"51":{"start":{"line":217,"column":6},"end":{"line":219,"column":null}},"52":{"start":{"line":218,"column":8},"end":{"line":218,"column":null}},"53":{"start":{"line":221,"column":6},"end":{"line":221,"column":null}},"54":{"start":{"line":223,"column":6},"end":{"line":223,"column":null}},"55":{"start":{"line":231,"column":23},"end":{"line":231,"column":null}},"56":{"start":{"line":232,"column":4},"end":{"line":232,"column":null}},"57":{"start":{"line":234,"column":4},"end":{"line":240,"column":null}},"58":{"start":{"line":235,"column":6},"end":{"line":239,"column":null}},"59":{"start":{"line":236,"column":8},"end":{"line":236,"column":null}},"60":{"start":{"line":238,"column":8},"end":{"line":238,"column":null}},"61":{"start":{"line":245,"column":27},"end":{"line":245,"column":null}},"62":{"start":{"line":248,"column":0},"end":{"line":250,"column":null}},"63":{"start":{"line":249,"column":3},"end":{"line":249,"column":null}}},"fnMap":{"0":{"name":"(anonymous_0)","decl":{"start":{"line":26,"column":2},"end":{"line":26,"column":null}},"loc":{"start":{"line":34,"column":10},"end":{"line":72,"column":null}},"line":34},"1":{"name":"(anonymous_1)","decl":{"start":{"line":77,"column":2},"end":{"line":77,"column":21}},"loc":{"start":{"line":77,"column":80},"end":{"line":87,"column":null}},"line":77},"2":{"name":"(anonymous_2)","decl":{"start":{"line":92,"column":2},"end":{"line":92,"column":13}},"loc":{"start":{"line":92,"column":87},"end":{"line":103,"column":null}},"line":92},"3":{"name":"(anonymous_3)","decl":{"start":{"line":108,"column":2},"end":{"line":108,"column":13}},"loc":{"start":{"line":108,"column":107},"end":{"line":110,"column":null}},"line":108},"4":{"name":"(anonymous_4)","decl":{"start":{"line":115,"column":2},"end":{"line":115,"column":10}},"loc":{"start":{"line":115,"column":104},"end":{"line":117,"column":null}},"line":115},"5":{"name":"(anonymous_5)","decl":{"start":{"line":122,"column":2},"end":{"line":122,"column":27}},"loc":{"start":{"line":122,"column":27},"end":{"line":133,"column":null}},"line":122},"6":{"name":"(anonymous_6)","decl":{"start":{"line":138,"column":2},"end":{"line":138,"column":16}},"loc":{"start":{"line":138,"column":52},"end":{"line":140,"column":null}},"line":138},"7":{"name":"(anonymous_7)","decl":{"start":{"line":139,"column":36},"end":{"line":139,"column":37}},"loc":{"start":{"line":139,"column":45},"end":{"line":139,"column":62}},"line":139},"8":{"name":"(anonymous_8)","decl":{"start":{"line":145,"column":2},"end":{"line":145,"column":20}},"loc":{"start":{"line":145,"column":64},"end":{"line":147,"column":null}},"line":145},"9":{"name":"(anonymous_9)","decl":{"start":{"line":146,"column":36},"end":{"line":146,"column":37}},"loc":{"start":{"line":146,"column":45},"end":{"line":146,"column":70}},"line":146},"10":{"name":"(anonymous_10)","decl":{"start":{"line":152,"column":2},"end":{"line":152,"column":18}},"loc":{"start":{"line":152,"column":50},"end":{"line":154,"column":null}},"line":152},"11":{"name":"(anonymous_11)","decl":{"start":{"line":159,"column":2},"end":{"line":159,"column":null}},"loc":{"start":{"line":164,"column":4},"end":{"line":179,"column":null}},"line":164},"12":{"name":"(anonymous_12)","decl":{"start":{"line":169,"column":26},"end":{"line":169,"column":27}},"loc":{"start":{"line":169,"column":40},"end":{"line":172,"column":9}},"line":169},"13":{"name":"(anonymous_13)","decl":{"start":{"line":173,"column":30},"end":{"line":173,"column":31}},"loc":{"start":{"line":173,"column":44},"end":{"line":176,"column":9}},"line":173},"14":{"name":"(anonymous_14)","decl":{"start":{"line":184,"column":2},"end":{"line":184,"column":23}},"loc":{"start":{"line":184,"column":23},"end":{"line":191,"column":null}},"line":184},"15":{"name":"(anonymous_15)","decl":{"start":{"line":196,"column":2},"end":{"line":196,"column":29}},"loc":{"start":{"line":196,"column":29},"end":{"line":204,"column":null}},"line":196},"16":{"name":"(anonymous_16)","decl":{"start":{"line":209,"column":10},"end":{"line":209,"column":26}},"loc":{"start":{"line":209,"column":52},"end":{"line":225,"column":null}},"line":209},"17":{"name":"(anonymous_17)","decl":{"start":{"line":230,"column":10},"end":{"line":230,"column":28}},"loc":{"start":{"line":230,"column":58},"end":{"line":241,"column":null}},"line":230},"18":{"name":"(anonymous_18)","decl":{"start":{"line":234,"column":23},"end":{"line":234,"column":24}},"loc":{"start":{"line":234,"column":32},"end":{"line":240,"column":5}},"line":234}},"branchMap":{"0":{"loc":{"start":{"line":28,"column":4},"end":{"line":28,"column":null}},"type":"default-arg","locations":[{"start":{"line":28,"column":29},"end":{"line":28,"column":null}}],"line":28},"1":{"loc":{"start":{"line":29,"column":4},"end":{"line":29,"column":null}},"type":"default-arg","locations":[{"start":{"line":29,"column":37},"end":{"line":29,"column":null}}],"line":29},"2":{"loc":{"start":{"line":61,"column":6},"end":{"line":67,"column":null}},"type":"if","locations":[{"start":{"line":61,"column":6},"end":{"line":67,"column":null}},{"start":{"line":63,"column":6},"end":{"line":67,"column":null}}],"line":61},"3":{"loc":{"start":{"line":63,"column":6},"end":{"line":67,"column":null}},"type":"if","locations":[{"start":{"line":63,"column":6},"end":{"line":67,"column":null}},{"start":{"line":65,"column":13},"end":{"line":67,"column":null}}],"line":63},"4":{"loc":{"start":{"line":79,"column":47},"end":{"line":79,"column":78}},"type":"binary-expr","locations":[{"start":{"line":79,"column":47},"end":{"line":79,"column":65}},{"start":{"line":79,"column":65},"end":{"line":79,"column":78}}],"line":79},"5":{"loc":{"start":{"line":93,"column":25},"end":{"line":93,"column":null}},"type":"cond-expr","locations":[{"start":{"line":93,"column":50},"end":{"line":93,"column":66}},{"start":{"line":93,"column":66},"end":{"line":93,"column":null}}],"line":93},"6":{"loc":{"start":{"line":94,"column":23},"end":{"line":94,"column":null}},"type":"cond-expr","locations":[{"start":{"line":94,"column":48},"end":{"line":94,"column":62}},{"start":{"line":94,"column":62},"end":{"line":94,"column":null}}],"line":94},"7":{"loc":{"start":{"line":108,"column":30},"end":{"line":108,"column":66}},"type":"default-arg","locations":[{"start":{"line":108,"column":55},"end":{"line":108,"column":66}}],"line":108},"8":{"loc":{"start":{"line":115,"column":27},"end":{"line":115,"column":63}},"type":"default-arg","locations":[{"start":{"line":115,"column":52},"end":{"line":115,"column":63}}],"line":115},"9":{"loc":{"start":{"line":125,"column":6},"end":{"line":125,"column":null}},"type":"if","locations":[{"start":{"line":125,"column":6},"end":{"line":125,"column":null}},{"start":{},"end":{}}],"line":125},"10":{"loc":{"start":{"line":152,"column":18},"end":{"line":152,"column":50}},"type":"default-arg","locations":[{"start":{"line":152,"column":34},"end":{"line":152,"column":50}}],"line":152},"11":{"loc":{"start":{"line":170,"column":25},"end":{"line":170,"column":47}},"type":"binary-expr","locations":[{"start":{"line":170,"column":25},"end":{"line":170,"column":42}},{"start":{"line":170,"column":42},"end":{"line":170,"column":47}}],"line":170},"12":{"loc":{"start":{"line":174,"column":29},"end":{"line":174,"column":55}},"type":"binary-expr","locations":[{"start":{"line":174,"column":29},"end":{"line":174,"column":50}},{"start":{"line":174,"column":50},"end":{"line":174,"column":55}}],"line":174},"13":{"loc":{"start":{"line":217,"column":6},"end":{"line":219,"column":null}},"type":"if","locations":[{"start":{"line":217,"column":6},"end":{"line":219,"column":null}},{"start":{},"end":{}}],"line":217},"14":{"loc":{"start":{"line":248,"column":0},"end":{"line":250,"column":null}},"type":"if","locations":[{"start":{"line":248,"column":0},"end":{"line":250,"column":null}},{"start":{},"end":{}}],"line":248}},"s":{"0":1,"1":1,"2":1,"3":116,"4":116,"5":116,"6":116,"7":116,"8":116,"9":115,"10":1,"11":1,"12":0,"13":0,"14":1,"15":1,"16":1,"17":1,"18":0,"19":0,"20":122,"21":122,"22":122,"23":7,"24":115,"25":115,"26":0,"27":0,"28":0,"29":0,"30":1,"31":2,"32":0,"33":0,"34":0,"35":0,"36":0,"37":0,"38":0,"39":1,"40":1,"41":1,"42":0,"43":0,"44":0,"45":0,"46":0,"47":0,"48":116,"49":116,"50":116,"51":116,"52":10,"53":116,"54":0,"55":115,"56":115,"57":115,"58":6056,"59":6056,"60":0,"61":1,"62":1,"63":1},"f":{"0":116,"1":1,"2":1,"3":0,"4":0,"5":122,"6":0,"7":0,"8":1,"9":2,"10":0,"11":0,"12":0,"13":0,"14":1,"15":0,"16":116,"17":115,"18":6056},"b":{"0":[116],"1":[116],"2":[115,1],"3":[1,0],"4":[1,0],"5":[1,0],"6":[1,0],"7":[0],"8":[0],"9":[7,115],"10":[0],"11":[0,0],"12":[0,0],"13":[10,106],"14":[1,0]},"meta":{"lastBranch":15,"lastFunction":19,"lastStatement":64,"seen":{"s:18:24:18:Infinity":0,"s:19:17:19:Infinity":1,"s:20:27:20:Infinity":2,"f:26:2:26:Infinity":0,"b:28:29:28:Infinity":0,"b:29:37:29:Infinity":1,"s:35:4:71:Infinity":3,"s:36:33:46:Infinity":4,"s:49:6:49:Infinity":5,"s:52:25:52:Infinity":6,"s:53:22:59:Infinity":7,"b:61:6:67:Infinity:63:6:67:Infinity":2,"s:61:6:67:Infinity":8,"s:62:8:62:Infinity":9,"b:63:6:67:Infinity:65:13:67:Infinity":3,"s:63:6:67:Infinity":10,"s:64:8:64:Infinity":11,"s:66:8:66:Infinity":12,"s:70:6:70:Infinity":13,"f:77:2:77:21":1,"s:78:4:86:Infinity":14,"b:79:47:79:65:79:65:79:78":4,"f:92:2:92:13":2,"s:93:25:93:Infinity":15,"b:93:50:93:66:93:66:93:Infinity":5,"s:94:23:94:Infinity":16,"b:94:48:94:62:94:62:94:Infinity":6,"s:95:4:102:Infinity":17,"f:108:2:108:13":3,"b:108:55:108:66":7,"s:109:4:109:Infinity":18,"f:115:2:115:10":4,"b:115:52:115:63":8,"s:116:4:116:Infinity":19,"f:122:2:122:27":5,"s:123:4:132:Infinity":20,"s:124:21:124:Infinity":21,"b:125:6:125:Infinity:undefined:undefined:undefined:undefined":9,"s:125:6:125:Infinity":22,"s:125:19:125:Infinity":23,"s:127:19:127:Infinity":24,"s:128:6:128:Infinity":25,"s:130:6:130:Infinity":26,"s:131:6:131:Infinity":27,"f:138:2:138:16":6,"s:139:4:139:Infinity":28,"f:139:36:139:37":7,"s:139:45:139:62":29,"f:145:2:145:20":8,"s:146:4:146:Infinity":30,"f:146:36:146:37":9,"s:146:45:146:70":31,"f:152:2:152:18":10,"b:152:34:152:50":10,"s:153:4:153:Infinity":32,"f:159:2:159:Infinity":11,"s:165:17:165:Infinity":33,"s:167:4:178:Infinity":34,"f:169:26:169:27":12,"s:170:8:170:Infinity":35,"b:170:25:170:42:170:42:170:47":11,"s:171:8:171:Infinity":36,"f:173:30:173:31":13,"s:174:8:174:Infinity":37,"b:174:29:174:50:174:50:174:55":12,"s:175:8:175:Infinity":38,"f:184:2:184:23":14,"s:185:4:190:Infinity":39,"s:186:6:186:Infinity":40,"s:187:6:187:Infinity":41,"s:189:6:189:Infinity":42,"f:196:2:196:29":15,"s:197:4:203:Infinity":43,"s:198:19:198:Infinity":44,"s:199:6:199:Infinity":45,"s:201:6:201:Infinity":46,"s:202:6:202:Infinity":47,"f:209:10:209:26":16,"s:210:4:224:Infinity":48,"s:211:17:211:Infinity":49,"s:214:6:214:Infinity":50,"b:217:6:219:Infinity:undefined:undefined:undefined:undefined":13,"s:217:6:219:Infinity":51,"s:218:8:218:Infinity":52,"s:221:6:221:Infinity":53,"s:223:6:223:Infinity":54,"f:230:10:230:28":17,"s:231:23:231:Infinity":55,"s:232:4:232:Infinity":56,"s:234:4:240:Infinity":57,"f:234:23:234:24":18,"s:235:6:239:Infinity":58,"s:236:8:236:Infinity":59,"s:238:8:238:Infinity":60,"s:245:27:245:Infinity":61,"b:248:0:250:Infinity:undefined:undefined:undefined:undefined":14,"s:248:0:250:Infinity":62,"s:249:3:249:Infinity":63}}}
}
